 PATH path404 FOUND 
SVG scale factor = 1.000000
SVG offset = 0.000000,0.000000
POLYGON  0)
Move (rel)	raw = 246.03,179.91	coord = 246.03,179.91
	raw = -6.61,-3.82	coord = -6.61,-3.82
curve (rel)	raw = -1.10,-3.23	coord = -7.71,-7.05
	raw = -1.14,-0.66	coord = -8.85,-7.70
	raw = -2.57,-0.35	coord = -11.42,-8.05
	raw = -3.35,0.66	coord = -14.76,-7.39
Line (rel)	raw = -6.61,-3.82	coord = -21.38,-11.21
curve (rel)	raw = -2.42,0.65	coord = -23.80,-10.56
	raw = -0.49,0.85	coord = -24.29,-9.71
	raw = -0.20,1.93	coord = -24.49,-7.78
	raw = 0.65,2.42	coord = -23.84,-5.36
Line (rel)	raw = 17.67,10.20	coord = -6.16,4.84
curve (rel)	raw = 2.42,-0.65	coord = -3.74,4.19
	raw = 0.49,-0.85	coord = -3.25,3.35
	raw = 0.20,-1.93	coord = -3.06,1.41
	raw = -0.65,-2.42	coord = -3.70,-1.01
End polygon at 246.03,179.91

 PATH path402 FOUND 
SVG scale factor = 1.000000
SVG offset = 0.000000,0.000000
POLYGON  1)
Move (rel)	raw = 301.46,184.49	coord = 301.46,184.49
Horz (rel)	raw = -7.64,0.00	coord = 293.82,184.49
curve (rel)	raw = -2.57,-2.25	coord = 291.25,182.25
	raw = -1.31,0.00	coord = 289.94,182.25
	raw = -2.40,0.98	coord = 287.54,183.22
	raw = -2.57,2.25	coord = 284.98,185.47
Horz (rel)	raw = -7.64,0.00	coord = 277.34,185.47
curve (rel)	raw = -1.77,1.77	coord = 275.57,187.24
	raw = 0.00,0.98	coord = 275.57,188.22
	raw = 0.79,1.77	coord = 276.36,189.99
	raw = 1.77,1.77	coord = 278.13,191.77
Horz (rel)	raw = 20.41,0.00	coord = 298.54,191.77
curve (rel)	raw = 1.77,-1.77	coord = 300.31,189.99
	raw = 0.00,-0.98	coord = 300.31,189.02
	raw = -0.79,-1.77	coord = 299.52,187.24
	raw = -1.77,-1.77	coord = 297.75,185.47
End polygon at 301.46,184.49

 PATH path1275 FOUND 
SVG scale factor = 1.000000
SVG offset = 0.000000,0.000000
POLYGON  2)
Move (rel)	raw = 217.56,244.25	coord = 217.56,244.25
curve (rel)	raw = -0.65,-1.28	coord = 216.91,242.97
	raw = 0.04,-0.17	coord = 216.96,242.80
	raw = 1.52,-2.88	coord = 218.47,239.92
	raw = 3.27,-6.02	coord = 221.74,233.90
Line (rel)	raw = 3.19,-5.71	coord = 224.93,228.19
curve (rel)	raw = 0.00,-8.41	coord = 224.94,219.78
	raw = 0.00,-4.21	coord = 224.94,215.58
	raw = 0.00,-8.41	coord = 224.94,207.17
	raw = 0.00,-8.41	coord = 224.94,198.76
	raw = 0.00,-4.18	coord = 224.94,194.58
	raw = -0.00,-7.38	coord = 224.94,187.20
	raw = 0.01,-9.84	coord = 224.94,177.35
	raw = 0.03,-8.46	coord = 224.97,168.89
	raw = 0.17,-8.26	coord = 225.14,160.63
	raw = 0.90,-9.71	coord = 226.04,150.92
	raw = 0.39,-0.77	coord = 226.43,150.15
	raw = 2.35,-4.20	coord = 228.78,145.95
	raw = 4.70,-8.27	coord = 233.47,137.68
	raw = 1.53,-2.66	coord = 235.00,135.02
	raw = 3.23,-5.58	coord = 238.24,129.44
	raw = 4.78,-8.22	coord = 243.02,121.22
	raw = 2.59,-4.43	coord = 245.61,116.78
	raw = 4.73,-8.05	coord = 250.34,108.74
	raw = 4.86,-8.17	coord = 255.21,100.57
	raw = 0.20,-0.17	coord = 255.40,100.39
	raw = 0.52,-0.32	coord = 255.92,100.08
	raw = 0.72,-0.32	coord = 256.64,99.76
	raw = 0.47,0.00	coord = 257.11,99.76
	raw = 1.19,0.72	coord = 258.29,100.48
	raw = 1.19,1.19	coord = 259.48,101.67
	raw = 0.00,0.15	coord = 259.48,101.82
	raw = -1.28,2.49	coord = 258.19,104.31
	raw = -3.47,6.33	coord = 254.73,110.63
	raw = -1.01,1.79	coord = 253.71,112.42
	raw = -2.23,3.90	coord = 251.49,116.32
	raw = -3.59,6.26	coord = 247.90,122.58
	raw = -1.33,2.31	coord = 246.56,124.89
	raw = -2.60,4.51	coord = 243.96,129.40
	raw = -3.69,6.42	coord = 240.27,135.81
	raw = -2.09,3.64	coord = 238.19,139.45
	raw = -3.54,6.21	coord = 234.64,145.67
	raw = -3.64,6.44	coord = 231.00,152.11
	raw = -0.21,0.48	coord = 230.79,152.59
	raw = -0.26,0.91	coord = 230.53,153.50
	raw = -0.29,8.82	coord = 230.24,162.32
	raw = -0.01,2.27	coord = 230.23,164.59
	raw = -0.02,5.16	coord = 230.22,169.76
	raw = -0.02,8.85	coord = 230.19,178.60
ERROR

	raw = -0.01,4.26	coord = 230.19,182.86
	raw = -0.02,8.51	coord = 230.17,191.37
	raw = -0.01,4.26	coord = 230.16,195.63
	raw = -0.02,8.51	coord = 230.14,204.14
	raw = -0.02,8.51	coord = 230.12,212.66
Line (rel)	raw = 3.28,5.88	coord = 233.39,218.54
curve (rel)	raw = 3.18,6.33	coord = 236.57,224.86
	raw = -0.19,0.86	coord = 236.38,225.72
	raw = -1.28,1.21	coord = 235.10,226.92
	raw = -1.94,0.62	coord = 233.16,227.54
	raw = -0.13,-0.12	coord = 233.03,227.42
	raw = -1.46,-2.41	coord = 231.57,225.01
	raw = -2.95,-5.09	coord = 228.62,219.92
	raw = -1.49,-2.68	coord = 227.12,217.24
	raw = -2.74,-4.88	coord = 224.39,212.37
	raw = -2.76,-4.88	coord = 221.63,207.49
	raw = -0.03,0.00	coord = 221.60,207.49
	raw = -1.24,2.15	coord = 220.36,209.64
	raw = -2.70,4.78	coord = 217.66,214.42
	raw = -1.46,2.63	coord = 216.20,217.05
	raw = -2.79,4.92	coord = 213.41,221.98
	raw = -2.95,5.09	coord = 210.46,227.07
	raw = -0.39,0.41	coord = 210.07,227.47
	raw = -0.92,0.52	coord = 209.15,227.99
	raw = -1.36,0.29	coord = 207.79,228.28
Vert (rel)ERROR

Move (rel)	raw = 13.50,0.21	coord = 13.50,0.21
curve (rel)	raw = -1.12,-0.66	coord = 12.38,-0.45
ERROR

	raw = -1.34,-2.40	coord = 11.04,-2.85
	raw = -2.69,-4.81	coord = 8.35,-7.66
	raw = -1.34,-2.40	coord = 7.01,-10.06
	raw = -2.68,-4.81	coord = 4.33,-14.87
	raw = -2.68,-4.81	coord = 1.64,-19.68
ERROR

	raw = -1.34,2.40	coord = 0.30,-17.28
	raw = -2.68,4.81	coord = -2.38,-12.47
	raw = -1.34,2.40	coord = -3.73,-10.06
	raw = -2.69,4.81	coord = -6.41,-5.26
	raw = -2.69,4.81	coord = -9.10,-0.45
	raw = -0.34,0.62	coord = -9.44,0.17
	raw = -1.13,0.84	coord = -10.57,1.02
	raw = -1.75,0.50	coord = -12.32,1.51
	raw = -0.62,-0.35	coord = -12.94,1.17
	raw = -0.84,-1.13	coord = -13.78,0.04
	raw = -0.50,-1.75	coord = -14.28,-1.71
Line (rel)	raw = 3.25,-5.81	coord = -11.03,-7.53
curve (rel)	raw = 3.25,-5.82	coord = -7.78,-13.34
	raw = 0.79,-0.93	coord = -6.99,-14.27
	raw = 1.53,-0.65	coord = -5.46,-14.92
	raw = 2.24,0.00	coord = -3.22,-14.92
ERROR

	raw = 1.62,2.91	coord = -1.59,-12.01
	raw = 3.25,5.82	coord = 1.65,-6.19
Line (rel)	raw = 3.25,5.81	coord = 4.90,-0.38
curve (rel)	raw = -0.50,1.75	coord = 4.40,1.37
	raw = -0.20,0.11	coord = 4.20,1.48
	raw = -0.41,0.16	coord = 3.79,1.64
	raw = -0.63,0.16	coord = 3.17,1.80
Vert (rel)ERROR

Move (rel)	raw = -7.78,-12.91	coord = -7.78,-12.91
Vert (rel)	raw = 0.00,-8.24	coord = -7.78,-21.16
	raw = -8.24,0.00	coord = -16.02,-21.16
	raw = -8.24,0.00	coord = -24.26,-21.16
	raw = -8.24,0.00	coord = -32.50,-21.16
curve (rel)	raw = 1.13,-4.23	coord = -31.37,-25.39
ERROR

	raw = 2.06,-3.57	coord = -29.30,-28.96
	raw = 4.59,-7.96	coord = -24.71,-36.92
	raw = 1.48,-2.56	coord = -23.23,-39.48
	raw = 3.12,-5.40	coord = -20.11,-44.88
	raw = 4.59,-7.96	coord = -15.52,-52.83
	raw = 2.53,-4.38	coord = -12.99,-57.22
	raw = 4.59,-7.96	coord = -8.40,-65.17
	raw = 4.59,-7.96	coord = -3.80,-73.13
	raw = 0.36,-0.61	coord = -3.45,-73.74
	raw = 1.14,-0.82	coord = -2.30,-74.57
	raw = 1.76,-0.47	coord = -0.55,-75.04
	raw = 0.61,0.35	coord = 0.07,-74.69
	raw = 0.82,1.14	coord = 0.89,-73.55
	raw = 0.47,1.75	coord = 1.36,-71.79
ERROR

	raw = -2.06,3.58	coord = -0.70,-68.22
	raw = -4.59,7.96	coord = -5.30,-60.26
	raw = -1.48,2.56	coord = -6.78,-57.70
	raw = -3.12,5.40	coord = -9.89,-52.30
	raw = -4.59,7.96	coord = -14.49,-44.34
	raw = -2.53,4.38	coord = -17.02,-39.96
	raw = -4.59,7.96	coord = -21.61,-32.00
	raw = -4.59,7.96	coord = -26.21,-24.04
	raw = -0.52,0.89	coord = -26.72,-23.15
	raw = -0.79,1.91	coord = -27.51,-21.24
	raw = -0.79,2.95	coord = -28.30,-18.29
Vert (rel)	raw = 0.00,8.24	coord = -28.30,-10.05
	raw = 8.24,0.00	coord = -20.06,-10.05
	raw = 8.24,0.00	coord = -11.82,-10.05
	raw = 8.24,0.00	coord = -3.58,-10.05
End polygon at 217.56,244.25

 PATH path1505 FOUND 
SVG scale factor = 1.000000
SVG offset = 0.000000,0.000000
POLYGON  3)
Move (rel)	raw = 291.24,178.99	coord = 291.24,178.99
curve (rel)	raw = -0.87,0.40	coord = 290.37,179.40
Line (rel)	raw = -0.40,0.40	coord = 289.97,179.80
	raw = -0.04,25.81	coord = 289.93,205.61
	raw = -0.04,25.76	coord = 289.89,231.37
	raw = -3.18,5.70	coord = 286.72,237.07
curve (rel)	raw = -2.41,4.43	coord = 284.30,241.50
	raw = -0.26,0.51	coord = 284.04,242.01
	raw = -0.46,0.90	coord = 283.59,242.91
	raw = -0.59,1.18	coord = 283.00,244.09
	raw = -0.06,0.14	coord = 282.94,244.23
	raw = -0.11,0.26	coord = 282.82,244.49
	raw = -0.15,0.35	coord = 282.67,244.84
	raw = -0.03,0.09	coord = 282.64,244.93
	raw = -0.05,0.16	coord = 282.59,245.08
	raw = -0.05,0.21	coord = 282.54,245.30
	raw = 0.00,0.23	coord = 282.54,245.53
	raw = 0.11,0.47	coord = 282.65,246.00
	raw = 0.27,0.68	coord = 282.91,246.68
	raw = 0.16,0.21	coord = 283.08,246.89
	raw = 0.38,0.38	coord = 283.46,247.27
	raw = 0.63,0.47	coord = 284.09,247.74
	raw = 0.01,0.00	coord = 284.10,247.74
	raw = 0.02,-0.00	coord = 284.11,247.74
	raw = 0.03,0.00	coord = 284.14,247.74
	raw = 0.20,0.07	coord = 284.34,247.82
	raw = 0.39,0.12	coord = 284.73,247.94
	raw = 0.58,0.05	coord = 285.31,247.99
	raw = 0.20,-0.07	coord = 285.51,247.92
	raw = 0.40,-0.25	coord = 285.92,247.67
	raw = 0.67,-0.60	coord = 286.59,247.07
	raw = 0.53,-0.69	coord = 287.11,246.38
	raw = 1.31,-2.07	coord = 288.42,244.31
	raw = 2.77,-4.70	coord = 291.19,239.62
	raw = 0.75,-1.35	coord = 291.94,238.27
	raw = 1.44,-2.58	coord = 293.38,235.69
	raw = 1.95,-3.47	coord = 295.33,232.22
	raw = 0.26,-0.45	coord = 295.59,231.77
	raw = 0.47,-0.81	coord = 296.05,230.96
	raw = 0.62,-1.07	coord = 296.67,229.89
	raw = 0.07,-0.13	coord = 296.74,229.76
	raw = 0.13,-0.23	coord = 296.88,229.53
	raw = 0.18,-0.30	coord = 297.05,229.23
	raw = 0.01,-0.01	coord = 297.06,229.22
	raw = 0.01,-0.02	coord = 297.08,229.20
	raw = 0.02,-0.03	coord = 297.10,229.17
	raw = 0.00,0.01	coord = 297.10,229.18
	raw = 0.01,0.01	coord = 297.11,229.18
	raw = 0.01,0.01	coord = 297.12,229.20
	raw = 0.04,0.06	coord = 297.16,229.26
	raw = 0.10,0.15	coord = 297.26,229.41
	raw = 0.18,0.28	coord = 297.44,229.69
	raw = 0.15,0.24	coord = 297.59,229.93
	raw = 0.36,0.60	coord = 297.95,230.53
	raw = 0.62,1.05	coord = 298.57,231.58
	raw = 0.52,0.89	coord = 299.09,232.47
	raw = 1.22,2.12	coord = 300.31,234.59
	raw = 1.98,3.48	coord = 302.29,238.07
	raw = 1.38,2.47	coord = 303.67,240.55
	raw = 2.14,3.81	coord = 305.80,244.36
	raw = 2.64,4.54	coord = 308.45,248.90
	raw = 0.25,0.36	coord = 308.70,249.26
	raw = 0.45,0.58	coord = 309.15,249.84
	raw = 0.63,0.70	coord = 309.77,250.54
	raw = 0.18,0.12	coord = 309.95,250.66
	raw = 0.35,0.15	coord = 310.30,250.82
	raw = 0.53,0.15	coord = 310.83,250.97
	raw = 0.09,0.00	coord = 310.92,250.97
	raw = 0.19,-0.05	coord = 311.11,250.92
	raw = 0.31,-0.12	coord = 311.42,250.80
	raw = 0.12,-0.07	coord = 311.54,250.73
	raw = 0.26,-0.16	coord = 311.80,250.57
	raw = 0.38,-0.27	coord = 312.18,250.31
	raw = 0.19,-0.16	coord = 312.37,250.14
	raw = 0.35,-0.31	coord = 312.72,249.84
	raw = 0.41,-0.52	coord = 313.14,249.31
	raw = 0.06,-0.22	coord = 313.20,249.10
	raw = 0.02,-0.49	coord = 313.22,248.61
	raw = -0.14,-0.91	coord = 313.08,247.70
	raw = -0.32,-0.84	coord = 312.75,246.85
	raw = -1.14,-2.31	coord = 311.62,244.54
	raw = -2.74,-5.18	coord = 308.88,239.37
	raw = -1.61,-2.87	coord = 307.27,236.49
	raw = -3.03,-5.42	coord = 304.25,231.07
	raw = -3.15,-5.65	coord = 301.10,225.42
	raw = -0.04,-0.07	coord = 301.06,225.35
	raw = -0.09,-0.28	coord = 300.97,225.07
	raw = -0.12,-0.91	coord = 300.85,224.16
	raw = -0.03,-0.63	coord = 300.82,223.53
	raw = -0.06,-1.69	coord = 300.76,221.84
	raw = -0.08,-3.46	coord = 300.68,218.38
	raw = -0.04,-3.56	coord = 300.64,214.82
	raw = -0.06,-10.02	coord = 300.57,204.79
	raw = -0.10,-21.83	coord = 300.48,182.96
Line (rel)	raw = -0.07,-25.85	coord = 300.41,157.11
	raw = -0.40,-0.40	coord = 300.01,156.71
curve (rel)	raw = -0.87,-0.40	coord = 299.13,156.31
End polygon at 291.24,178.99

 PATH path1503 FOUND 
SVG scale factor = 1.000000
SVG offset = 0.000000,0.000000
POLYGON  4)
Move (rel)	raw = 284.44,244.33	coord = 284.44,244.33
curve (rel)	raw = -0.85,-1.08	coord = 283.59,243.25
	raw = 0.00,-0.29	coord = 283.59,242.95
	raw = 1.00,-2.23	coord = 284.60,240.73
	raw = 3.19,-6.14	coord = 287.78,234.59
Line (rel)	raw = 3.19,-5.71	coord = 290.97,228.88
	raw = 0.04,-25.78	coord = 291.01,203.09
	raw = 0.04,-25.78	coord = 291.04,177.31
	raw = 0.38,-0.38	coord = 291.42,176.93
curve (rel)	raw = 1.65,0.00	coord = 293.07,176.93
Line (rel)	raw = 0.38,0.38	coord = 293.45,177.31
	raw = 0.07,25.82	coord = 293.52,203.13
curve (rel)	raw = 0.30,26.25	coord = 293.83,229.37
	raw = 0.13,0.23	coord = 293.95,229.61
	raw = 1.55,2.78	coord = 295.50,232.38
	raw = 3.15,5.65	coord = 298.65,238.03
	raw = 3.21,5.74	coord = 301.86,243.77
	raw = 3.26,5.87	coord = 305.12,249.64
	raw = 2.48,6.52	coord = 307.60,256.17
	raw = -0.24,0.20	coord = 307.36,256.37
	raw = -0.53,0.37	coord = 306.83,256.73
	raw = -0.64,0.37	coord = 306.19,257.10
	raw = -0.70,0.00	coord = 305.49,257.10
	raw = -0.98,-0.41	coord = 304.51,256.69
	raw = -3.74,-5.36	coord = 300.77,251.34
	raw = -1.52,-2.73	coord = 299.25,248.61
	raw = -2.80,-4.93	coord = 296.45,243.68
	raw = -2.86,-4.90	coord = 293.59,238.77
	raw = -0.05,0.03	coord = 293.54,238.80
	raw = -1.32,2.26	coord = 292.22,241.07
	raw = -2.82,4.95	coord = 289.40,246.02
	raw = -2.93,5.26	coord = 286.47,251.28
	raw = -3.12,5.51	coord = 283.35,256.79
	raw = -3.96,5.21	coord = 279.39,261.99
End polygon at 284.44,244.33

 PATH path394 FOUND 
SVG scale factor = 1.000000
SVG offset = 0.000000,0.000000
POLYGON  5)
Move (rel)	raw = 297.75,244.46	coord = 297.75,244.46
curve (rel)	raw = -1.12,-0.66	coord = 296.62,243.81
ERROR

	raw = -1.34,-2.40	coord = 295.28,241.40
	raw = -2.68,-4.81	coord = 292.60,236.59
	raw = -1.34,-2.40	coord = 291.25,234.19
	raw = -2.69,-4.81	coord = 288.57,229.38
	raw = -2.69,-4.81	coord = 285.88,224.57
ERROR

	raw = -1.34,2.40	coord = 284.54,226.97
	raw = -2.68,4.81	coord = 281.86,231.78
	raw = -1.34,2.40	coord = 280.51,234.19
	raw = -2.69,4.81	coord = 277.83,239.00
	raw = -2.69,4.81	coord = 275.14,243.81
	raw = -0.34,0.62	coord = 274.80,244.43
	raw = -1.13,0.84	coord = 273.67,245.27
	raw = -1.75,0.50	coord = 271.92,245.76
	raw = -0.62,-0.35	coord = 271.30,245.42
	raw = -0.84,-1.13	coord = 270.46,244.29
	raw = -0.50,-1.75	coord = 269.97,242.54
ERROR

	raw = 1.62,-2.91	coord = 271.59,239.63
	raw = 3.25,-5.81	coord = 274.84,233.82
	raw = 1.62,-2.91	coord = 276.46,230.91
	raw = 3.25,-5.82	coord = 279.70,225.10
	raw = 3.25,-5.82	coord = 282.95,219.28
	raw = 0.23,-0.41	coord = 283.18,218.88
	raw = 0.66,-0.66	coord = 283.83,218.22
	raw = 1.12,-0.66	coord = 284.95,217.56
	raw = 0.47,0.00	coord = 285.42,217.56
	raw = 0.90,0.25	coord = 286.31,217.81
	raw = 1.12,0.66	coord = 287.44,218.47
ERROR

	raw = 1.62,2.91	coord = 289.06,221.38
	raw = 3.25,5.82	coord = 292.30,227.19
	raw = 1.62,2.91	coord = 293.93,230.10
	raw = 3.25,5.81	coord = 297.17,235.91
	raw = 3.25,5.81	coord = 300.42,241.73
	raw = 0.35,0.62	coord = 300.77,242.35
	raw = 0.12,1.40	coord = 300.89,243.75
	raw = -0.50,1.75	coord = 300.39,245.50
	raw = -0.20,0.11	coord = 300.20,245.61
	raw = -0.41,0.16	coord = 299.78,245.77
	raw = -0.63,0.16	coord = 299.16,245.93
ERROR

ERROR

ERROR

Move (rel)ERROR

End polygon at 297.75,244.46

 PATH path392 FOUND 
SVG scale factor = 1.000000
SVG offset = 0.000000,0.000000
POLYGON  6)
Move (rel)	raw = 291.25,232.84	coord = 291.25,232.84
curve (rel)	raw = -1.28,-1.28	coord = 289.97,231.55
ERROR

	raw = 0.00,-3.45	coord = 289.97,228.10
	raw = 0.00,-8.55	coord = 289.97,219.55
	raw = 0.00,-2.52	coord = 289.97,217.03
	raw = 0.00,-5.44	coord = 289.97,211.60
	raw = 0.00,-8.55	coord = 289.97,203.04
	raw = 0.00,-2.75	coord = 289.97,200.29
	raw = 0.00,-5.65	coord = 289.97,194.64
	raw = 0.00,-8.55	coord = 289.97,186.09
	raw = 0.00,-2.90	coord = 289.97,183.19
	raw = 0.00,-5.80	coord = 289.97,177.39
	raw = 0.00,-8.55	coord = 289.97,168.84
	raw = 0.00,-3.11	coord = 289.97,165.73
	raw = 0.00,-6.03	coord = 289.97,159.70
	raw = 0.00,-8.55	coord = 289.97,151.14
	raw = 0.00,-5.11	coord = 289.97,146.04
	raw = 0.00,-8.55	coord = 289.97,137.49
	raw = 0.00,-8.55	coord = 289.97,128.94
	raw = 0.00,-0.71	coord = 289.97,128.23
	raw = 0.57,-1.29	coord = 290.55,126.94
	raw = 1.28,-1.29	coord = 291.83,125.65
	raw = 0.71,0.00	coord = 292.54,125.65
	raw = 1.28,0.58	coord = 293.82,126.23
	raw = 1.28,1.29	coord = 295.11,127.52
ERROR

	raw = 0.00,3.45	coord = 295.11,130.96
	raw = 0.00,8.55	coord = 295.11,139.51
	raw = 0.00,2.52	coord = 295.11,142.03
	raw = 0.00,5.44	coord = 295.11,147.47
	raw = 0.00,8.55	coord = 295.11,156.02
	raw = 0.00,2.75	coord = 295.11,158.77
	raw = 0.00,5.65	coord = 295.11,164.43
	raw = 0.00,8.55	coord = 295.11,172.98
	raw = 0.00,2.90	coord = 295.11,175.88
	raw = 0.00,5.80	coord = 295.11,181.68
	raw = 0.00,8.55	coord = 295.11,190.23
	raw = 0.00,3.11	coord = 295.11,193.34
	raw = 0.00,6.03	coord = 295.11,199.37
	raw = 0.00,8.55	coord = 295.11,207.93
	raw = 0.00,5.11	coord = 295.11,213.03
	raw = 0.00,8.55	coord = 295.11,221.58
	raw = 0.00,8.55	coord = 295.11,230.13
	raw = 0.00,0.71	coord = 295.11,230.84
	raw = -0.57,1.28	coord = 294.53,232.13
	raw = -1.28,1.28	coord = 293.25,233.41
ERROR

ERROR

ERROR

Move (rel)ERROR

End polygon at 291.25,232.84

 PATH path76 FOUND 
SVG scale factor = 1.000000
SVG offset = 0.000000,0.000000
POLYGON  7)
Move (rel)	raw = 262.93,201.25	coord = 262.93,201.25
Horz (rel)	raw = -4.49,0.00	coord = 258.44,201.25
curve (rel)	raw = -0.37,-1.28	coord = 258.07,199.96
	raw = 0.00,-0.71	coord = 258.07,199.25
	raw = 0.17,-1.29	coord = 258.24,197.97
	raw = 0.37,-1.29	coord = 258.61,196.68
Horz (rel)	raw = 4.49,0.00	coord = 263.10,196.68
curve (rel)	raw = 0.37,1.29	coord = 263.47,197.97
	raw = 0.00,0.71	coord = 263.47,198.68
	raw = -0.17,1.28	coord = 263.30,199.96
	raw = -0.37,1.28	coord = 262.93,201.25
End polygon at 262.93,201.25

 PATH path72 FOUND 
SVG scale factor = 1.000000
SVG offset = 0.000000,0.000000
POLYGON  8)
Move (rel)	raw = 255.27,191.14	coord = 255.27,191.14
Horz (rel)	raw = -13.21,0.00	coord = 242.06,191.14
curve (rel)	raw = -2.57,2.57	coord = 239.49,193.71
Vert (rel)	raw = 0.00,2.17	coord = 239.49,195.88
Horz (rel)	raw = 18.35,0.00	coord = 257.84,195.88
Vert (rel)	raw = 0.00,-2.17	coord = 257.84,193.71
curve (rel)	raw = -2.57,-2.57	coord = 255.27,191.14
End polygon at 255.27,191.14

 PATH path68 FOUND 
SVG scale factor = 1.000000
SVG offset = 0.000000,0.000000
POLYGON  9)
Move (rel)	raw = 239.49,195.74	coord = 239.49,195.74
Vert (rel)	raw = 0.00,8.77	coord = 239.49,204.51
curve (rel)	raw = 2.57,2.57	coord = 242.06,207.08
Horz (rel)	raw = 13.21,0.00	coord = 255.27,207.08
curve (rel)	raw = 2.57,-2.57	coord = 257.84,204.51
Vert (rel)	raw = 0.00,-8.77	coord = 257.84,195.74
curve (rel)	raw = -2.57,-2.57	coord = 255.27,193.17
Horz (rel)	raw = -13.21,0.00	coord = 242.06,193.17
curve (rel)	raw = -2.57,2.57	coord = 239.49,195.74
End polygon at 239.49,195.74

 PATH path64 FOUND 
SVG scale factor = 1.000000
SVG offset = 0.000000,0.000000
POLYGON 10)
Move (rel)	raw = 279.25,191.14	coord = 279.25,191.14
Horz (rel)	raw = -13.21,0.00	coord = 266.04,191.14
curve (rel)	raw = -2.57,2.57	coord = 263.47,193.71
Vert (rel)	raw = 0.00,2.17	coord = 263.47,195.88
Horz (rel)	raw = 18.35,0.00	coord = 281.82,195.88
Vert (rel)	raw = 0.00,-2.17	coord = 281.82,193.71
curve (rel)	raw = -2.57,-2.57	coord = 279.25,191.14
End polygon at 279.25,191.14

 PATH path60 FOUND 
SVG scale factor = 1.000000
SVG offset = 0.000000,0.000000
POLYGON 11)
Move (rel)	raw = 263.47,195.74	coord = 263.47,195.74
Vert (rel)	raw = 0.00,8.77	coord = 263.47,204.51
curve (rel)	raw = 2.57,2.57	coord = 266.04,207.08
Horz (rel)	raw = 13.21,0.00	coord = 279.25,207.08
curve (rel)	raw = 2.57,-2.57	coord = 281.82,204.51
Vert (rel)	raw = 0.00,-8.77	coord = 281.82,195.74
curve (rel)	raw = -2.57,-2.57	coord = 279.25,193.17
Horz (rel)	raw = -13.21,0.00	coord = 266.04,193.17
curve (rel)	raw = -2.57,2.57	coord = 263.47,195.74
End polygon at 263.47,195.74

 PATH path390 FOUND 
SVG scale factor = 1.000000
SVG offset = 0.000000,0.000000
POLYGON 12)
Move (rel)	raw = 268.41,201.25	coord = 268.41,201.25
Horz (rel)	raw = -15.51,0.00	coord = 252.90,201.25
curve (rel)	raw = -1.28,-1.28	coord = 251.62,199.96
	raw = 0.00,-0.71	coord = 251.62,199.25
	raw = 0.58,-1.29	coord = 252.19,197.97
	raw = 1.28,-1.29	coord = 253.48,196.68
Horz (rel)	raw = 15.51,0.00	coord = 268.99,196.68
curve (rel)	raw = 1.29,1.29	coord = 270.27,197.97
	raw = 0.00,0.71	coord = 270.27,198.68
	raw = -0.58,1.28	coord = 269.70,199.96
	raw = -1.29,1.28	coord = 268.41,201.25
End polygon at 268.41,201.25

 PATH path370 FOUND 
SVG scale factor = 1.000000
SVG offset = 0.000000,0.000000
POLYGON 13)
Move (rel)	raw = 242.06,191.14	coord = 242.06,191.14
curve (rel)	raw = -2.57,2.57	coord = 239.49,193.71
Vert (rel)	raw = 0.00,2.17	coord = 239.49,195.88
	raw = 8.63,0.00	coord = 248.12,195.88
curve (rel)	raw = 2.57,2.57	coord = 250.69,198.45
Horz (rel)	raw = 13.21,0.00	coord = 263.91,198.45
curve (rel)	raw = 2.57,-2.57	coord = 266.48,195.88
Vert (rel)	raw = 0.00,-8.63	coord = 266.48,187.25
	raw = -0.14,0.00	coord = 266.33,187.25
	raw = -2.03,0.00	coord = 264.31,187.25
curve (rel)	raw = -0.08,-0.64	coord = 264.23,186.61
	raw = -0.29,-1.11	coord = 263.94,185.50
	raw = -1.29,-1.93	coord = 262.65,183.57
	raw = -2.49,-1.93	coord = 260.16,181.64
Horz (rel)	raw = -4.00,0.00	coord = 256.16,181.64
End polygon at 242.06,191.14

 PATH path362 FOUND 
SVG scale factor = 1.000000
SVG offset = 0.000000,0.000000
POLYGON 14)
Move (rel)	raw = 266.04,191.14	coord = 266.04,191.14
curve (rel)	raw = -2.57,2.57	coord = 263.47,193.71
Vert (rel)	raw = 0.00,2.17	coord = 263.47,195.88
	raw = 8.63,0.00	coord = 272.10,195.88
curve (rel)	raw = 2.57,2.57	coord = 274.67,198.45
Horz (rel)	raw = 13.21,0.00	coord = 287.88,198.45
curve (rel)	raw = 2.57,-2.57	coord = 290.45,195.88
Vert (rel)	raw = 0.00,-8.63	coord = 290.45,187.25
	raw = -0.14,0.00	coord = 290.31,187.25
	raw = -2.03,0.00	coord = 288.29,187.25
curve (rel)	raw = -0.08,-0.64	coord = 288.20,186.61
	raw = -0.29,-1.11	coord = 287.92,185.50
	raw = -1.29,-1.93	coord = 286.63,183.57
	raw = -2.49,-1.93	coord = 284.14,181.64
Horz (rel)	raw = -4.00,0.00	coord = 280.14,181.64
End polygon at 266.04,191.14

 PATH path352 FOUND 
SVG scale factor = 1.000000
SVG offset = 0.000000,0.000000
POLYGON 15)
Move (rel)	raw = 251.42,208.72	coord = 251.42,208.72
Horz (rel)	raw = -19.04,0.00	coord = 232.38,208.72
curve (rel)	raw = -2.57,2.57	coord = 229.81,211.28
Vert (rel)	raw = 0.00,2.27	coord = 229.81,213.55
Horz (rel)	raw = 24.18,0.00	coord = 253.99,213.55
Vert (rel)	raw = 0.00,-2.27	coord = 253.99,211.28
curve (rel)	raw = -2.57,-2.57	coord = 251.42,208.72
End polygon at 251.42,208.72

 PATH path350 FOUND 
SVG scale factor = 1.000000
SVG offset = 0.000000,0.000000
POLYGON 16)
Move (rel)	raw = 251.42,234.85	coord = 251.42,234.85
Horz (rel)	raw = -19.04,0.00	coord = 232.38,234.85
curve (rel)	raw = -2.57,-2.57	coord = 229.81,232.28
Vert (rel)	raw = 0.00,-18.97	coord = 229.81,213.31
curve (rel)	raw = 2.57,-2.57	coord = 232.38,210.74
Horz (rel)	raw = 19.04,0.00	coord = 251.42,210.74
curve (rel)	raw = 2.57,2.57	coord = 253.99,213.31
Vert (rel)	raw = 0.00,18.97	coord = 253.99,232.28
curve (rel)	raw = -2.57,2.57	coord = 251.42,234.85
End polygon at 251.42,234.85

 PATH path1325 FOUND 
SVG scale factor = 1.000000
SVG offset = 0.000000,0.000000
POLYGON 17)
Move (rel)	raw = 232.38,208.72	coord = 232.38,208.72
curve (rel)	raw = -2.57,2.57	coord = 229.81,211.28
Vert (rel)	raw = 0.00,2.03	coord = 229.81,213.31
	raw = 0.24,0.00	coord = 230.05,213.31
	raw = 18.73,0.00	coord = 248.78,213.31
curve (rel)	raw = 2.57,2.57	coord = 251.35,215.88
Horz (rel)	raw = 19.04,0.00	coord = 270.39,215.88
curve (rel)	raw = 2.57,-2.57	coord = 272.96,213.31
Vert (rel)	raw = 0.00,-18.73	coord = 272.96,194.58
	raw = -0.24,0.00	coord = 272.72,194.58
	raw = -2.03,0.00	coord = 270.69,194.58
curve (rel)	raw = -2.57,-2.57	coord = 268.12,192.01
End polygon at 232.38,208.72

 PATH path358 FOUND 
SVG scale factor = 1.000000
SVG offset = 0.000000,0.000000
POLYGON 18)
Move (rel)	raw = 284.78,208.72	coord = 284.78,208.72
Horz (rel)	raw = -19.04,0.00	coord = 265.74,208.72
curve (rel)	raw = -2.57,2.57	coord = 263.17,211.28
Vert (rel)	raw = 0.00,2.27	coord = 263.17,213.55
Horz (rel)	raw = 24.18,0.00	coord = 287.35,213.55
Vert (rel)	raw = 0.00,-2.27	coord = 287.35,211.28
curve (rel)	raw = -2.57,-2.57	coord = 284.78,208.72
End polygon at 284.78,208.72

 PATH path354 FOUND 
SVG scale factor = 1.000000
SVG offset = 0.000000,0.000000
POLYGON 19)
Move (rel)	raw = 284.78,222.49	coord = 284.78,222.49
Horz (rel)	raw = -19.04,0.00	coord = 265.74,222.49
curve (rel)	raw = -2.57,-2.57	coord = 263.17,219.92
Vert (rel)	raw = 0.00,-6.44	coord = 263.17,213.48
curve (rel)	raw = 2.57,-2.57	coord = 265.74,210.91
Horz (rel)	raw = 19.04,0.00	coord = 284.78,210.91
curve (rel)	raw = 2.57,2.57	coord = 287.35,213.48
Vert (rel)	raw = 0.00,6.44	coord = 287.35,219.92
curve (rel)	raw = -2.57,2.57	coord = 284.78,222.49
End polygon at 284.78,222.49

 PATH path1389 FOUND 
SVG scale factor = 0.750002
SVG offset = 0.000000,-34.000605
POLYGON 20)
Move (rel)	raw = 353.67,340.42	coord = 265.25,221.31
curve (rel)	raw = -0.84,-0.71	coord = 264.62,186.78
	raw = -0.41,-0.53	coord = 264.31,152.38
	raw = -0.42,-0.70	coord = 263.99,117.86
	raw = -0.42,-6.99	coord = 263.67,78.62
Vert (rel)	raw = 0.00,-6.45	coord = 263.67,39.78
Line (rel)	raw = 0.58,-0.58	coord = 264.11,5.34
	raw = 0.58,-0.58	coord = 264.54,-29.09
Horz (rel)	raw = 13.44,0.00	coord = 274.63,-63.09
	raw = 13.44,0.00	coord = 284.71,-97.09
Line (rel)	raw = 0.58,0.58	coord = 285.14,-130.66
	raw = 0.58,0.58	coord = 285.58,-164.22
Vert (rel)	raw = 0.00,6.47	coord = 285.58,-193.37
	raw = 6.47,0.00	coord = 290.43,-227.37
Line (rel)	raw = -0.58,0.65	coord = 290.00,-260.89
	raw = -0.58,0.65	coord = 289.56,-294.40
	raw = -13.18,0.04	coord = 279.68,-328.37
curve (rel)	raw = -13.60,-0.13	coord = 269.48,-362.47
End polygon at 265.25,221.31

 PATH path1314 FOUND 
SVG scale factor = 1.000000
SVG offset = 0.000000,0.000000
POLYGON 21)
Move (rel)	raw = 265.73,208.46	coord = 265.73,208.46
	raw = -0.13,0.00	coord = -0.13,0.00
	raw = -0.01,0.00	coord = -0.01,0.00
	raw = -0.01,0.00	coord = -0.01,0.00
	raw = -0.13,0.01	coord = -0.13,0.01
	raw = -0.01,0.00	coord = -0.01,0.00
	raw = -0.01,0.00	coord = -0.01,0.00
	raw = -0.13,0.02	coord = -0.13,0.02
	raw = -0.01,0.00	coord = -0.01,0.00
	raw = -0.01,0.00	coord = -0.01,0.00
	raw = -0.13,0.02	coord = -0.13,0.02
	raw = -0.01,0.00	coord = -0.01,0.00
	raw = -0.01,0.00	coord = -0.01,0.00
	raw = -0.12,0.03	coord = -0.12,0.03
	raw = -0.01,0.00	coord = -0.01,0.00
	raw = -0.01,0.00	coord = -0.01,0.00
	raw = -0.12,0.03	coord = -0.12,0.03
	raw = -0.01,0.00	coord = -0.01,0.00
	raw = -0.01,0.00	coord = -0.01,0.00
	raw = -0.12,0.04	coord = -0.12,0.04
	raw = -0.01,0.00	coord = -0.01,0.00
	raw = -0.01,0.00	coord = -0.01,0.00
	raw = -0.12,0.05	coord = -0.12,0.05
	raw = -0.01,0.00	coord = -0.01,0.00
	raw = -0.01,0.00	coord = -0.01,0.00
	raw = -0.11,0.05	coord = -0.11,0.05
	raw = -0.01,0.00	coord = -0.01,0.00
	raw = -0.01,0.00	coord = -0.01,0.00
	raw = -0.11,0.06	coord = -0.11,0.06
	raw = -0.01,0.00	coord = -0.01,0.00
	raw = -0.01,0.00	coord = -0.01,0.00
	raw = -0.11,0.06	coord = -0.11,0.06
	raw = -0.01,0.00	coord = -0.01,0.00
	raw = -0.01,0.00	coord = -0.01,0.00
	raw = -0.10,0.07	coord = -0.10,0.07
	raw = -0.01,0.00	coord = -0.01,0.00
	raw = -0.01,0.00	coord = -0.01,0.00
	raw = -0.10,0.07	coord = -0.10,0.07
	raw = -0.01,0.00	coord = -0.01,0.00
	raw = -0.01,0.00	coord = -0.01,0.00
	raw = -0.10,0.08	coord = -0.10,0.08
	raw = -0.01,0.00	coord = -0.01,0.00
	raw = -0.01,0.00	coord = -0.01,0.00
	raw = -0.09,0.08	coord = -0.09,0.08
	raw = -0.01,0.00	coord = -0.01,0.00
	raw = -0.00,0.00	coord = -0.00,0.00
	raw = -0.09,0.09	coord = -0.09,0.09
	raw = -0.01,0.00	coord = -0.01,0.00
	raw = -0.00,0.01	coord = -0.00,0.01
	raw = -0.09,0.09	coord = -0.09,0.09
	raw = -0.00,0.00	coord = -0.00,0.00
	raw = -0.00,0.01	coord = -0.00,0.01
	raw = -0.08,0.09	coord = -0.08,0.09
	raw = -0.00,0.01	coord = -0.00,0.01
	raw = -0.00,0.01	coord = -0.00,0.01
	raw = -0.08,0.10	coord = -0.08,0.10
	raw = -0.00,0.01	coord = -0.00,0.01
	raw = -0.00,0.01	coord = -0.00,0.01
	raw = -0.07,0.10	coord = -0.07,0.10
	raw = -0.00,0.01	coord = -0.00,0.01
	raw = -0.00,0.01	coord = -0.00,0.01
	raw = -0.07,0.10	coord = -0.07,0.10
	raw = -0.00,0.01	coord = -0.00,0.01
	raw = -0.00,0.01	coord = -0.00,0.01
	raw = -0.06,0.11	coord = -0.06,0.11
	raw = -0.00,0.01	coord = -0.00,0.01
	raw = -0.00,0.01	coord = -0.00,0.01
	raw = -0.06,0.11	coord = -0.06,0.11
	raw = -0.00,0.01	coord = -0.00,0.01
	raw = -0.00,0.01	coord = -0.00,0.01
	raw = -0.05,0.11	coord = -0.05,0.11
	raw = -0.00,0.01	coord = -0.00,0.01
	raw = -0.00,0.01	coord = -0.00,0.01
	raw = -0.05,0.12	coord = -0.05,0.12
	raw = -0.00,0.01	coord = -0.00,0.01
	raw = -0.00,0.01	coord = -0.00,0.01
	raw = -0.04,0.12	coord = -0.04,0.12
	raw = -0.00,0.01	coord = -0.00,0.01
	raw = -0.00,0.01	coord = -0.00,0.01
	raw = -0.03,0.12	coord = -0.03,0.12
	raw = -0.00,0.01	coord = -0.00,0.01
	raw = -0.00,0.01	coord = -0.00,0.01
	raw = -0.03,0.12	coord = -0.03,0.12
	raw = -0.00,0.01	coord = -0.00,0.01
	raw = -0.00,0.01	coord = -0.00,0.01
	raw = -0.02,0.13	coord = -0.02,0.13
	raw = -0.00,0.01	coord = -0.00,0.01
	raw = -0.00,0.01	coord = -0.00,0.01
	raw = -0.02,0.13	coord = -0.02,0.13
	raw = -0.00,0.01	coord = -0.00,0.01
	raw = -0.00,0.01	coord = -0.00,0.01
	raw = -0.01,0.13	coord = -0.01,0.13
	raw = -0.00,0.01	coord = -0.00,0.01
	raw = -0.00,0.01	coord = -0.00,0.01
	raw = -0.00,0.13	coord = -0.00,0.13
Vert (rel)	raw = 0.00,0.00	coord = -0.00,0.14
	raw = 0.00,0.00	coord = 0.00,0.14
	raw = 2.19,0.00	coord = 2.19,0.14
	raw = 0.07,0.00	coord = 2.27,0.14
	raw = 6.36,0.00	coord = 8.63,0.14
	raw = 0.00,0.00	coord = 8.63,0.14
	raw = 0.00,0.00	coord = 8.64,0.14
Line (rel)	raw = 0.00,0.13	coord = 8.64,0.27
	raw = 0.00,0.01	coord = 8.64,0.27
	raw = 0.00,0.01	coord = 8.64,0.28
	raw = 0.01,0.13	coord = 8.65,0.41
	raw = 0.00,0.01	coord = 8.65,0.42
	raw = 0.00,0.01	coord = 8.65,0.42
	raw = 0.02,0.13	coord = 8.67,0.55
	raw = 0.00,0.01	coord = 8.67,0.56
	raw = 0.00,0.01	coord = 8.67,0.57
	raw = 0.02,0.13	coord = 8.69,0.69
	raw = 0.00,0.01	coord = 8.69,0.70
	raw = 0.00,0.01	coord = 8.70,0.71
	raw = 0.03,0.12	coord = 8.72,0.83
	raw = 0.00,0.01	coord = 8.73,0.84
	raw = 0.00,0.01	coord = 8.73,0.84
	raw = 0.03,0.12	coord = 8.76,0.96
	raw = 0.00,0.01	coord = 8.77,0.97
	raw = 0.00,0.01	coord = 8.77,0.98
	raw = 0.04,0.12	coord = 8.81,1.10
	raw = 0.00,0.01	coord = 8.81,1.10
	raw = 0.00,0.01	coord = 8.81,1.11
	raw = 0.05,0.12	coord = 8.86,1.22
	raw = 0.00,0.01	coord = 8.86,1.23
	raw = 0.00,0.01	coord = 8.86,1.24
	raw = 0.05,0.11	coord = 8.91,1.35
	raw = 0.00,0.01	coord = 8.92,1.36
	raw = 0.00,0.01	coord = 8.92,1.36
	raw = 0.06,0.11	coord = 8.98,1.47
	raw = 0.00,0.01	coord = 8.98,1.48
	raw = 0.00,0.01	coord = 8.98,1.49
	raw = 0.06,0.11	coord = 9.04,1.59
	raw = 0.00,0.01	coord = 9.05,1.60
	raw = 0.00,0.01	coord = 9.05,1.60
	raw = 0.07,0.10	coord = 9.12,1.71
	raw = 0.00,0.01	coord = 9.12,1.71
	raw = 0.00,0.01	coord = 9.13,1.72
	raw = 0.07,0.10	coord = 9.20,1.82
	raw = 0.00,0.01	coord = 9.20,1.82
	raw = 0.00,0.01	coord = 9.20,1.83
	raw = 0.08,0.10	coord = 9.28,1.92
	raw = 0.00,0.01	coord = 9.28,1.93
	raw = 0.00,0.01	coord = 9.29,1.93
	raw = 0.08,0.09	coord = 9.37,2.03
	raw = 0.00,0.01	coord = 9.37,2.03
	raw = 0.00,0.00	coord = 9.38,2.04
	raw = 0.09,0.09	coord = 9.46,2.13
	raw = 0.00,0.01	coord = 9.47,2.13
	raw = 0.01,0.00	coord = 9.47,2.14
	raw = 0.09,0.09	coord = 9.56,2.22
	raw = 0.00,0.00	coord = 9.56,2.22
	raw = 0.01,0.00	coord = 9.57,2.23
	raw = 0.09,0.08	coord = 9.66,2.31
	raw = 0.01,0.00	coord = 9.67,2.31
	raw = 0.01,0.00	coord = 9.67,2.32
	raw = 0.10,0.08	coord = 9.77,2.39
	raw = 0.01,0.00	coord = 9.78,2.40
	raw = 0.01,0.00	coord = 9.78,2.40
	raw = 0.10,0.07	coord = 9.88,2.47
	raw = 0.01,0.00	coord = 9.89,2.48
	raw = 0.01,0.00	coord = 9.89,2.48
	raw = 0.10,0.07	coord = 10.00,2.55
	raw = 0.01,0.00	coord = 10.00,2.55
	raw = 0.01,0.00	coord = 10.01,2.55
	raw = 0.11,0.06	coord = 10.11,2.62
	raw = 0.01,0.00	coord = 10.12,2.62
	raw = 0.01,0.00	coord = 10.12,2.62
	raw = 0.11,0.06	coord = 10.24,2.68
	raw = 0.01,0.00	coord = 10.24,2.68
	raw = 0.01,0.00	coord = 10.25,2.68
	raw = 0.11,0.05	coord = 10.36,2.74
	raw = 0.01,0.00	coord = 10.37,2.74
	raw = 0.01,0.00	coord = 10.37,2.74
	raw = 0.12,0.05	coord = 10.49,2.79
	raw = 0.01,0.00	coord = 10.50,2.79
	raw = 0.01,0.00	coord = 10.50,2.79
	raw = 0.12,0.04	coord = 10.62,2.83
	raw = 0.01,0.00	coord = 10.63,2.83
	raw = 0.01,0.00	coord = 10.63,2.83
	raw = 0.12,0.03	coord = 10.75,2.87
	raw = 0.01,0.00	coord = 10.76,2.87
	raw = 0.01,0.00	coord = 10.77,2.87
	raw = 0.12,0.03	coord = 10.89,2.90
	raw = 0.01,0.00	coord = 10.90,2.90
	raw = 0.01,0.00	coord = 10.90,2.90
	raw = 0.13,0.02	coord = 11.03,2.93
	raw = 0.01,0.00	coord = 11.04,2.93
	raw = 0.01,0.00	coord = 11.04,2.93
	raw = 0.13,0.02	coord = 11.17,2.94
	raw = 0.01,0.00	coord = 11.18,2.95
	raw = 0.01,0.00	coord = 11.19,2.95
	raw = 0.13,0.01	coord = 11.32,2.96
	raw = 0.01,0.00	coord = 11.32,2.96
	raw = 0.01,0.00	coord = 11.33,2.96
	raw = 0.13,0.00	coord = 11.46,2.96
Horz (rel)	raw = 0.00,0.00	coord = 11.47,2.96
	raw = 0.00,0.00	coord = 11.47,2.96
	raw = 19.04,0.00	coord = 30.51,2.96
	raw = 0.00,0.00	coord = 30.51,2.96
	raw = 0.00,0.00	coord = 30.51,2.96
Line (rel)	raw = 0.13,-0.00	coord = 30.64,2.96
	raw = 0.01,-0.00	coord = 30.65,2.96
	raw = 0.01,-0.00	coord = 30.66,2.96
	raw = 0.13,-0.01	coord = 30.79,2.95
	raw = 0.01,-0.00	coord = 30.79,2.95
	raw = 0.01,-0.00	coord = 30.80,2.94
	raw = 0.13,-0.02	coord = 30.93,2.93
	raw = 0.01,-0.00	coord = 30.94,2.93
	raw = 0.01,-0.00	coord = 30.94,2.93
	raw = 0.13,-0.02	coord = 31.07,2.90
	raw = 0.01,-0.00	coord = 31.08,2.90
	raw = 0.01,-0.00	coord = 31.08,2.90
	raw = 0.12,-0.03	coord = 31.21,2.87
	raw = 0.01,-0.00	coord = 31.21,2.87
	raw = 0.01,-0.00	coord = 31.22,2.87
	raw = 0.12,-0.03	coord = 31.34,2.83
	raw = 0.01,-0.00	coord = 31.35,2.83
	raw = 0.01,-0.00	coord = 31.35,2.83
	raw = 0.12,-0.04	coord = 31.47,2.79
	raw = 0.01,-0.00	coord = 31.48,2.79
	raw = 0.01,-0.00	coord = 31.48,2.79
	raw = 0.12,-0.05	coord = 31.60,2.74
	raw = 0.01,-0.00	coord = 31.61,2.74
	raw = 0.01,-0.00	coord = 31.61,2.74
	raw = 0.11,-0.05	coord = 31.73,2.68
	raw = 0.01,-0.00	coord = 31.73,2.68
	raw = 0.01,-0.00	coord = 31.74,2.68
	raw = 0.11,-0.06	coord = 31.85,2.62
	raw = 0.01,-0.00	coord = 31.86,2.62
	raw = 0.01,-0.00	coord = 31.86,2.62
	raw = 0.11,-0.06	coord = 31.97,2.55
	raw = 0.01,-0.00	coord = 31.97,2.55
	raw = 0.01,-0.00	coord = 31.98,2.55
	raw = 0.10,-0.07	coord = 32.08,2.48
	raw = 0.01,-0.00	coord = 32.09,2.48
	raw = 0.01,-0.00	coord = 32.09,2.47
	raw = 0.10,-0.07	coord = 32.19,2.40
	raw = 0.01,-0.00	coord = 32.20,2.40
	raw = 0.01,-0.00	coord = 32.20,2.39
	raw = 0.10,-0.08	coord = 32.30,2.32
	raw = 0.01,-0.00	coord = 32.31,2.31
	raw = 0.01,-0.00	coord = 32.31,2.31
	raw = 0.09,-0.08	coord = 32.41,2.23
	raw = 0.01,-0.00	coord = 32.41,2.22
	raw = 0.00,-0.00	coord = 32.41,2.22
	raw = 0.09,-0.09	coord = 32.50,2.14
	raw = 0.01,-0.00	coord = 32.51,2.13
	raw = 0.00,-0.01	coord = 32.51,2.13
	raw = 0.09,-0.09	coord = 32.60,2.04
	raw = 0.00,-0.00	coord = 32.60,2.03
	raw = 0.00,-0.01	coord = 32.61,2.03
	raw = 0.08,-0.09	coord = 32.69,1.94
	raw = 0.00,-0.01	coord = 32.69,1.93
	raw = 0.00,-0.01	coord = 32.69,1.93
	raw = 0.08,-0.10	coord = 32.77,1.83
	raw = 0.00,-0.01	coord = 32.77,1.82
	raw = 0.00,-0.01	coord = 32.78,1.82
	raw = 0.07,-0.10	coord = 32.85,1.72
	raw = 0.00,-0.01	coord = 32.85,1.71
	raw = 0.00,-0.01	coord = 32.86,1.71
	raw = 0.07,-0.10	coord = 32.92,1.60
	raw = 0.00,-0.01	coord = 32.93,1.60
	raw = 0.00,-0.01	coord = 32.93,1.59
	raw = 0.06,-0.11	coord = 32.99,1.49
	raw = 0.00,-0.01	coord = 32.99,1.48
	raw = 0.00,-0.01	coord = 33.00,1.48
	raw = 0.06,-0.11	coord = 33.05,1.36
	raw = 0.00,-0.01	coord = 33.06,1.36
	raw = 0.00,-0.01	coord = 33.06,1.35
	raw = 0.05,-0.11	coord = 33.11,1.24
	raw = 0.00,-0.01	coord = 33.11,1.23
	raw = 0.00,-0.01	coord = 33.12,1.23
	raw = 0.05,-0.12	coord = 33.16,1.11
	raw = 0.00,-0.01	coord = 33.17,1.10
	raw = 0.00,-0.01	coord = 33.17,1.10
	raw = 0.04,-0.12	coord = 33.21,0.98
	raw = 0.00,-0.01	coord = 33.21,0.97
	raw = 0.00,-0.01	coord = 33.21,0.97
	raw = 0.03,-0.12	coord = 33.25,0.84
	raw = 0.00,-0.01	coord = 33.25,0.84
	raw = 0.00,-0.01	coord = 33.25,0.83
	raw = 0.03,-0.12	coord = 33.28,0.71
	raw = 0.00,-0.01	coord = 33.28,0.70
	raw = 0.00,-0.01	coord = 33.28,0.69
	raw = 0.02,-0.13	coord = 33.30,0.57
	raw = 0.00,-0.01	coord = 33.30,0.56
	raw = 0.00,-0.01	coord = 33.31,0.56
	raw = 0.02,-0.13	coord = 33.32,0.43
	raw = 0.00,-0.01	coord = 33.32,0.42
	raw = 0.00,-0.01	coord = 33.32,0.41
	raw = 0.01,-0.13	coord = 33.33,0.28
	raw = 0.00,-0.01	coord = 33.33,0.28
	raw = 0.00,-0.01	coord = 33.33,0.27
	raw = 0.00,-0.13	coord = 33.34,0.14
Vert (rel)	raw = 0.00,-0.00	coord = 33.34,0.13
	raw = -0.00,0.00	coord = 33.33,0.13
	raw = -6.36,0.00	coord = 26.97,0.13
	raw = -0.07,0.00	coord = 26.90,0.13
	raw = -2.19,0.00	coord = 24.70,0.13
	raw = -0.00,0.00	coord = 24.70,0.13
	raw = -0.00,0.00	coord = 24.70,0.13
Line (rel)	raw = -0.00,-0.13	coord = 24.69,0.00
	raw = -0.00,-0.01	coord = 24.69,-0.00
	raw = -0.00,-0.01	coord = 24.69,-0.01
	raw = -0.01,-0.13	coord = 24.68,-0.14
	raw = -0.00,-0.01	coord = 24.68,-0.15
	raw = -0.00,-0.01	coord = 24.68,-0.15
	raw = -0.02,-0.13	coord = 24.67,-0.28
	raw = -0.00,-0.01	coord = 24.66,-0.29
	raw = -0.00,-0.01	coord = 24.66,-0.30
	raw = -0.02,-0.13	coord = 24.64,-0.42
	raw = -0.00,-0.01	coord = 24.64,-0.43
	raw = -0.00,-0.01	coord = 24.64,-0.44
	raw = -0.03,-0.12	coord = 24.61,-0.56
	raw = -0.00,-0.01	coord = 24.61,-0.57
	raw = -0.00,-0.01	coord = 24.61,-0.57
	raw = -0.03,-0.12	coord = 24.57,-0.69
	raw = -0.00,-0.01	coord = 24.57,-0.70
	raw = -0.00,-0.01	coord = 24.57,-0.71
	raw = -0.04,-0.12	coord = 24.53,-0.83
	raw = -0.00,-0.01	coord = 24.53,-0.83
	raw = -0.00,-0.01	coord = 24.52,-0.84
	raw = -0.05,-0.12	coord = 24.48,-0.95
	raw = -0.00,-0.01	coord = 24.47,-0.96
	raw = -0.00,-0.01	coord = 24.47,-0.97
	raw = -0.05,-0.11	coord = 24.42,-1.08
	raw = -0.00,-0.01	coord = 24.42,-1.09
	raw = -0.00,-0.01	coord = 24.42,-1.09
	raw = -0.06,-0.11	coord = 24.36,-1.20
	raw = -0.00,-0.01	coord = 24.36,-1.21
	raw = -0.00,-0.01	coord = 24.35,-1.21
	raw = -0.06,-0.11	coord = 24.29,-1.32
	raw = -0.00,-0.01	coord = 24.29,-1.33
	raw = -0.00,-0.01	coord = 24.28,-1.33
	raw = -0.07,-0.10	coord = 24.22,-1.44
	raw = -0.00,-0.01	coord = 24.21,-1.44
	raw = -0.00,-0.01	coord = 24.21,-1.45
	raw = -0.07,-0.10	coord = 24.14,-1.55
	raw = -0.00,-0.01	coord = 24.13,-1.55
	raw = -0.00,-0.01	coord = 24.13,-1.56
	raw = -0.08,-0.10	coord = 24.05,-1.65
	raw = -0.00,-0.01	coord = 24.05,-1.66
	raw = -0.00,-0.01	coord = 24.05,-1.66
	raw = -0.08,-0.09	coord = 23.97,-1.76
	raw = -0.00,-0.01	coord = 23.96,-1.76
	raw = -0.00,-0.00	coord = 23.96,-1.77
	raw = -0.09,-0.09	coord = 23.87,-1.86
	raw = -0.00,-0.01	coord = 23.87,-1.86
	raw = -0.01,-0.00	coord = 23.86,-1.86
	raw = -0.09,-0.09	coord = 23.77,-1.95
	raw = -0.00,-0.00	coord = 23.77,-1.95
	raw = -0.01,-0.00	coord = 23.77,-1.96
	raw = -0.09,-0.08	coord = 23.67,-2.04
	raw = -0.01,-0.00	coord = 23.67,-2.04
	raw = -0.01,-0.00	coord = 23.66,-2.05
	raw = -0.10,-0.08	coord = 23.56,-2.12
	raw = -0.01,-0.00	coord = 23.56,-2.13
	raw = -0.01,-0.00	coord = 23.55,-2.13
	raw = -0.10,-0.07	coord = 23.45,-2.20
	raw = -0.01,-0.00	coord = 23.45,-2.21
	raw = -0.01,-0.00	coord = 23.44,-2.21
	raw = -0.10,-0.07	coord = 23.34,-2.28
	raw = -0.01,-0.00	coord = 23.33,-2.28
	raw = -0.01,-0.00	coord = 23.33,-2.28
	raw = -0.11,-0.06	coord = 23.22,-2.34
	raw = -0.01,-0.00	coord = 23.22,-2.35
	raw = -0.01,-0.00	coord = 23.21,-2.35
	raw = -0.11,-0.06	coord = 23.10,-2.41
	raw = -0.01,-0.00	coord = 23.09,-2.41
	raw = -0.01,-0.00	coord = 23.09,-2.41
	raw = -0.11,-0.05	coord = 22.97,-2.46
	raw = -0.01,-0.00	coord = 22.97,-2.46
	raw = -0.01,-0.00	coord = 22.96,-2.47
	raw = -0.12,-0.05	coord = 22.85,-2.51
	raw = -0.01,-0.00	coord = 22.84,-2.52
	raw = -0.01,-0.00	coord = 22.83,-2.52
	raw = -0.12,-0.04	coord = 22.71,-2.56
	raw = -0.01,-0.00	coord = 22.71,-2.56
	raw = -0.01,-0.00	coord = 22.70,-2.56
	raw = -0.12,-0.03	coord = 22.58,-2.60
	raw = -0.01,-0.00	coord = 22.57,-2.60
	raw = -0.01,-0.00	coord = 22.57,-2.60
	raw = -0.12,-0.03	coord = 22.44,-2.63
	raw = -0.01,-0.00	coord = 22.44,-2.63
	raw = -0.01,-0.00	coord = 22.43,-2.63
	raw = -0.13,-0.02	coord = 22.30,-2.65
	raw = -0.01,-0.00	coord = 22.30,-2.66
	raw = -0.01,-0.00	coord = 22.29,-2.66
	raw = -0.13,-0.02	coord = 22.16,-2.67
	raw = -0.01,-0.00	coord = 22.15,-2.67
	raw = -0.01,-0.00	coord = 22.15,-2.67
	raw = -0.13,-0.01	coord = 22.02,-2.68
	raw = -0.01,-0.00	coord = 22.01,-2.68
Horz (rel)	raw = -0.01,0.00	coord = 22.01,-2.68
Line (rel)	raw = -0.13,-0.00	coord = 21.87,-2.69
Horz (rel)	raw = -0.00,0.00	coord = 21.87,-2.69
	raw = -0.00,0.00	coord = 21.87,-2.69
	raw = -19.04,0.00	coord = 2.83,-2.69
	raw = -0.00,0.00	coord = 2.83,-2.69
End polygon at 265.73,208.46

 PATH path1312 FOUND 
SVG scale factor = 0.168811
SVG offset = 216.799350,171.236560
POLYGON 22)
Move (rel)	raw = 402.34,220.51	coord = 284.72,208.46
curve (rel)	raw = -113.25,0.02	coord = 482.40,379.70
	raw = -8.63,0.21	coord = 697.74,550.97
	raw = -16.11,8.07	coord = 911.82,723.57
	raw = -15.90,16.70	coord = 1125.94,897.63
	raw = 0.06,17.62	coord = 1342.75,1071.84
	raw = -0.12,35.25	coord = 1559.53,1249.03
	raw = 0.09,52.87	coord = 1776.34,1429.19
	raw = 0.69,8.53	coord = 1993.26,1601.87
	raw = 8.78,15.50	coord = 2211.54,1775.72
	raw = 17.31,14.98	coord = 2431.26,1949.48
	raw = 37.77,-0.03	coord = 2654.43,2120.71
	raw = 75.55,0.07	coord = 2883.99,2291.96
	raw = 113.33,-0.05	coord = 3119.92,2463.19
	raw = 8.60,-0.41	coord = 3338.17,2634.36
	raw = 15.86,-8.41	coord = 3557.65,2804.17
	raw = 15.49,-17.01	coord = 3777.06,2972.54
	raw = -0.06,-17.51	coord = 3993.85,3140.82
	raw = 0.12,-35.03	coord = 4210.67,3306.14
	raw = -0.09,-52.53	coord = 4427.45,3468.51
	raw = -0.69,-8.40	coord = 4644.14,3638.33
	raw = -8.55,-15.34	coord = 4859.49,3806.98
	raw = -16.97,-14.98	coord = 5073.43,3975.69
End polygon at 284.72,208.46

 PATH path1273 FOUND 
SVG scale factor = 1.000000
SVG offset = 0.000000,0.000000
POLYGON 23)
Move (rel)	raw = 276.53,242.91	coord = 276.53,242.91
curve (rel)	raw = -1.43,-1.86	coord = 275.10,241.05
Line (rel)	raw = -0.96,-1.61	coord = 274.15,239.44
	raw = 0.61,-0.56	coord = 274.75,238.87
curve (rel)	raw = 1.42,-1.55	coord = 276.17,237.32
Line (rel)	raw = 0.81,-0.99	coord = 276.98,236.33
	raw = 0.75,2.59	coord = 277.74,238.93
curve (rel)	raw = 0.75,2.91	coord = 278.49,241.84
	raw = 0.00,0.41	coord = 278.49,242.25
	raw = -0.67,1.14	coord = 277.82,243.39
	raw = -1.13,1.24	coord = 276.69,244.63
	raw = -0.21,0.05	coord = 276.48,244.68
	raw = -0.55,-0.02	coord = 275.93,244.65
	raw = -0.82,-0.17	coord = 275.11,244.48
End polygon at 276.53,242.91

 PATH path1271 FOUND 
SVG scale factor = 1.000000
SVG offset = 0.000000,0.000000
POLYGON 24)
Move (rel)	raw = 243.55,242.89	coord = 243.55,242.89
curve (rel)	raw = -0.62,-0.70	coord = 242.94,242.19
	raw = -0.16,-0.39	coord = 242.78,241.80
	raw = -0.11,-0.68	coord = 242.67,241.11
	raw = 0.57,-3.03	coord = 243.24,238.09
	raw = 0.41,-1.43	coord = 243.65,236.66
	raw = 0.77,-2.63	coord = 244.42,234.03
	raw = 0.81,-2.67	coord = 245.23,231.37
	raw = 0.03,-0.04	coord = 245.26,231.33
	raw = 0.22,0.12	coord = 245.48,231.45
	raw = 0.41,0.35	coord = 245.89,231.80
	raw = 0.20,0.23	coord = 246.08,232.04
	raw = 0.83,0.91	coord = 246.91,232.95
	raw = 1.41,1.50	coord = 248.32,234.45
Line (rel)	raw = 1.06,1.08	coord = 249.38,235.53
	raw = -0.96,1.60	coord = 248.42,237.13
curve (rel)	raw = -2.68,1.86	coord = 245.74,238.99
End polygon at 243.55,242.89

 PATH path388 FOUND 
SVG scale factor = 1.000000
SVG offset = 0.000000,0.000000
POLYGON 25)
Move (rel)	raw = 260.66,244.46	coord = 260.66,244.46
curve (rel)	raw = -20.27,-20.27	coord = 240.39,224.20
	raw = 0.00,-11.17	coord = 240.39,213.02
	raw = 9.09,-20.27	coord = 249.48,192.76
	raw = 20.27,-20.27	coord = 269.75,172.49
	raw = 11.17,0.00	coord = 280.92,172.49
	raw = 20.27,9.09	coord = 301.19,181.58
	raw = 20.27,20.27	coord = 321.45,201.85
	raw = 0.00,11.17	coord = 321.45,213.02
	raw = -9.09,20.27	coord = 312.36,233.29
	raw = -20.27,20.27	coord = 292.10,253.55
End polygon at 260.66,244.46

 PATH path384 FOUND 
SVG scale factor = 1.000000
SVG offset = 0.000000,0.000000
POLYGON 26)
Move (rel)	raw = 279.64,224.20	coord = 279.64,224.20
curve (rel)	raw = -18.98,18.98	coord = 260.66,243.18
	raw = -10.48,0.00	coord = 250.17,243.18
	raw = -18.98,-8.50	coord = 231.19,234.68
	raw = -18.98,-18.98	coord = 212.21,215.70
	raw = 0.00,-10.48	coord = 212.21,205.22
	raw = 8.50,-18.98	coord = 220.71,186.24
	raw = 18.98,-18.98	coord = 239.69,167.26
	raw = 10.48,0.00	coord = 250.18,167.26
	raw = 18.98,8.50	coord = 269.16,175.75
	raw = 18.98,18.98	coord = 288.14,194.73
End polygon at 279.64,224.20

 PATH path382 FOUND 
SVG scale factor = 1.000000
SVG offset = 0.000000,0.000000
POLYGON 27)
Move (rel)	raw = 279.64,224.20	coord = 279.64,224.20
curve (rel)	raw = -18.98,18.98	coord = 260.66,243.18
	raw = -10.48,0.00	coord = 250.17,243.18
	raw = -18.98,-8.50	coord = 231.19,234.68
	raw = -18.98,-18.98	coord = 212.21,215.70
	raw = 0.00,-10.48	coord = 212.21,205.22
	raw = 8.50,-18.98	coord = 220.71,186.24
	raw = 18.98,-18.98	coord = 239.69,167.26
	raw = 10.48,0.00	coord = 250.18,167.26
	raw = 18.98,8.50	coord = 269.16,175.75
	raw = 18.98,18.98	coord = 288.14,194.73
End polygon at 279.64,224.20

 PATH path380 FOUND 
SVG scale factor = 1.000000
SVG offset = 0.000000,0.000000
POLYGON 28)
Move (rel)	raw = 244.21,243.18	coord = 244.21,243.18
curve (rel)	raw = 1.25,-0.71	coord = 245.46,242.47
Line (rel)	raw = 6.81,-11.41	coord = 252.27,231.06
Horz (rel)	raw = -6.51,0.00	coord = 245.76,231.06
Line (rel)	raw = -2.95,10.27	coord = 242.81,241.32
curve (rel)	raw = 1.40,1.86	coord = 244.21,243.18
End polygon at 244.21,243.18

 PATH path378 FOUND 
SVG scale factor = 1.000000
SVG offset = 0.000000,0.000000
POLYGON 29)
Move (rel)	raw = 277.11,243.18	coord = 277.11,243.18
curve (rel)	raw = -1.25,-0.71	coord = 275.86,242.47
Line (rel)	raw = -6.81,-11.41	coord = 269.04,231.06
Horz (rel)	raw = 6.51,0.00	coord = 275.56,231.06
Line (rel)	raw = 2.95,10.27	coord = 278.51,241.32
curve (rel)	raw = -1.40,1.86	coord = 277.11,243.18
End polygon at 277.11,243.18


Object origin:
2552.964555 2169.077968

Eagle Command:
set wire_bend 2;
change layer ;
set width 0.001000;
poly (R -22.744322 16.267020) (R -25.270782 18.104259) (R -25.281768 18.136544) (R -25.293149 18.143112) (R -25.318801 18.146620) (R -25.352253 18.139993) (R -25.418399 18.178180) (R -25.442620 18.171691) (R -25.447512 18.163218) (R -25.449504 18.143897) (R -25.443015 18.119683) (R -25.266285 18.017645) (R -25.242064 18.024133) (R -25.237171 18.032613) (R -25.235186 18.051934) (R -25.241675 18.076155) (R -22.744322 16.267020);
poly (R -22.190055 16.221157) (R -22.266435 16.221157) (R -22.292093 16.243617) (R -22.305229 16.243617) (R -22.329192 16.233831) (R -22.354844 16.211372) (R -22.431224 16.211372) (R -22.448949 16.193640) (R -22.448949 16.183854) (R -22.441016 16.166129) (R -22.423291 16.148404) (R -22.219221 16.148404) (R -22.201496 16.166129) (R -22.201496 16.175921) (R -22.209429 16.193653) (R -22.227154 16.211385) (R -22.190055 16.221157);
poly (R -23.028996 15.623552) (R -23.035526 15.636382) (R -23.035086 15.638082) (R -23.019926 15.666862) (R -22.987216 15.727042) (R -22.955296 15.784132) (R -22.955286 15.868232) (R -22.955286 15.910282) (R -22.955276 15.994382) (R -22.955266 16.078482) (R -22.955266 16.120312) (R -22.955276 16.194112) (R -22.955216 16.292532) (R -22.954936 16.377162) (R -22.953256 16.459802) (R -22.944276 16.556852) (R -22.940366 16.564592) (R -22.916886 16.606612) (R -22.869926 16.689282) (R -22.854586 16.715842) (R -22.822236 16.771682) (R -22.774466 16.853892) (R -22.748546 16.898242) (R -22.701226 16.978722) (R -22.652586 17.060382) (R -22.650616 17.062132) (R -22.645426 17.065322) (R -22.638266 17.068512) (R -22.633566 17.068512) (R -22.621716 17.061322) (R -22.609866 17.049412) (R -22.609866 17.047902) (R -22.622716 17.022992) (R -22.657376 16.959732) (R -22.667526 16.941872) (R -22.689776 16.902912) (R -22.725676 16.840312) (R -22.739016 16.817212) (R -22.765006 16.772112) (R -22.801916 16.707942) (R -22.822786 16.671532) (R -22.858206 16.609392) (R -22.894626 16.544952) (R -22.896706 16.540152) (R -22.899306 16.531052) (R -22.902206 16.442842) (R -22.902296 16.420122) (R -22.902456 16.368512) (R -22.902696 16.280062) (R -22.902786 16.237492) (R -22.902976 16.152352) (R -22.903076 16.109782) (R -22.903266 16.024642) (R -22.903456 15.939502) (R -22.870696 15.880722) (R -22.838926 15.817472) (R -22.840806 15.808902) (R -22.853656 15.796852) (R -22.873036 15.790682) (R -22.874346 15.791862) (R -22.888946 15.815942) (R -22.918486 15.866842) (R -22.933426 15.893662) (R -22.960786 15.942422) (R -22.988386 15.991182) (R -22.988636 15.991182) (R -23.001036 15.969662) (R -23.028046 15.921842) (R -23.042646 15.895542) (R -23.070536 15.846322) (R -23.100066 15.795402) (R -23.103936 15.791352) (R -23.113106 15.786182) (R -23.126706 15.783282);
poly (R -25.069606 18.063952) (R -25.080836 18.070542) (R -25.094266 18.094582) (R -25.121116 18.142672) (R -25.134536 18.166722) (R -25.161376 18.214812) (R -25.188216 18.262902) (R -25.201636 18.238862) (R -25.228476 18.190772) (R -25.241906 18.166722) (R -25.268756 18.118632) (R -25.295606 18.070542) (R -25.299056 18.064342) (R -25.310336 18.055922) (R -25.327816 18.050962) (R -25.334016 18.054422) (R -25.342426 18.065712) (R -25.347386 18.083192) (R -25.314926 18.141332) (R -25.282466 18.199482) (R -25.274561 18.208736) (R -25.259221 18.215229) (R -25.236791 18.215229) (R -25.220561 18.186159) (R -25.188111 18.128009) (R -25.155651 18.069869) (R -25.160611 18.052389) (R -25.162591 18.051289) (R -25.166721 18.049659) (R -25.172971 18.048029);
poly (R -25.282406 18.195202) (R -25.282406 18.277622) (R -25.364816 18.277622) (R -25.447226 18.277622) (R -25.529646 18.277622) (R -25.518306 18.319952) (R -25.497666 18.355692) (R -25.451716 18.435262) (R -25.436936 18.460862) (R -25.405776 18.514822) (R -25.359836 18.594392) (R -25.334536 18.638222) (R -25.288596 18.717792) (R -25.242656 18.797362) (R -25.239096 18.803512) (R -25.227676 18.811762) (R -25.210116 18.816462) (R -25.203976 18.812922) (R -25.195726 18.801522) (R -25.191026 18.783972) (R -25.211666 18.748222) (R -25.257606 18.668652) (R -25.272396 18.643042) (R -25.303556 18.589072) (R -25.349506 18.509502) (R -25.374806 18.465672) (R -25.420746 18.386092) (R -25.466686 18.306512) (R -25.471856 18.297572) (R -25.479756 18.278442) (R -25.487656 18.248972) (R -25.487656 18.166562) (R -25.405246 18.166562) (R -25.322826 18.166562) (R -25.240406 18.166562) (R -23.028996 15.623552);
poly (R -22.292194 16.276131) (R -22.300925 16.272108) (R -22.304948 16.268104) (R -22.305319 16.009959) (R -22.305690 15.752322) (R -22.337467 15.695350) (R -22.361588 15.651033) (R -22.364210 15.645982) (R -22.368778 15.637021) (R -22.374638 15.625205) (R -22.375284 15.623777) (R -22.376421 15.621195) (R -22.377886 15.617699) (R -22.378214 15.616785) (R -22.378722 15.615224) (R -22.379230 15.613095) (R -22.379230 15.610782) (R -22.378179 15.606058) (R -22.375504 15.599261) (R -22.373878 15.597188) (R -22.370041 15.593377) (R -22.363752 15.588670) (R -22.363662 15.588640) (R -22.363496 15.588650) (R -22.363242 15.588630) (R -22.361217 15.587909) (R -22.357347 15.586706) (R -22.351527 15.586179) (R -22.349492 15.586884) (R -22.345443 15.589382) (R -22.338763 15.595339) (R -22.333502 15.602257) (R -22.320450 15.622940) (R -22.292754 15.669913) (R -22.285256 15.683375) (R -22.270834 15.709146) (R -22.251303 15.743892) (R -22.248748 15.748380) (R -22.244089 15.756513) (R -22.237937 15.767197) (R -22.237190 15.768472) (R -22.235852 15.770756) (R -22.234095 15.773725) (R -22.234005 15.773867) (R -22.233862 15.774065) (R -22.233647 15.774377) (R -22.233607 15.774317) (R -22.233557 15.774247) (R -22.233457 15.774110) (R -22.233040 15.773502) (R -22.232016 15.771968) (R -22.230239 15.769214) (R -22.228731 15.766774) (R -22.225106 15.760745) (R -22.218896 15.750276) (R -22.213722 15.741397) (R -22.201534 15.720189) (R -22.181749 15.685345) (R -22.167964 15.660602) (R -22.146589 15.622480) (R -22.120144 15.577090) (R -22.117608 15.573455) (R -22.113154 15.567682) (R -22.106904 15.560671) (R -22.105108 15.559432) (R -22.101623 15.557908) (R -22.096330 15.556385) (R -22.095416 15.556385) (R -22.093522 15.556867) (R -22.090417 15.558039) (R -22.089205 15.558729) (R -22.086650 15.560347) (R -22.082861 15.563003) (R -22.080915 15.564640) (R -22.077396 15.567706) (R -22.073275 15.572941) (R -22.072673 15.575109) (R -22.072472 15.579990) (R -22.073878 15.589092) (R -22.077092 15.597533) (R -22.088448 15.620626) (R -22.115831 15.672404) (R -22.131887 15.701140) (R -22.162145 15.755338) (R -22.193668 15.811842) (R -22.194067 15.812569) (R -22.194925 15.815380) (R -22.196117 15.824502) (R -22.196450 15.830811) (R -22.197045 15.847664) (R -22.197846 15.882312) (R -22.198258 15.917904) (R -22.198891 16.018132) (R -22.199848 16.236472) (R -22.200551 16.494968) (R -22.204574 16.498972) (R -22.213305 16.502996) (R -22.292194 16.276131);
poly (R -22.360210 15.622758) (R -22.368711 15.633602) (R -22.368711 15.636524) (R -22.358679 15.658776) (R -22.326814 15.720172) (R -22.294948 15.777302) (R -22.294579 16.035140) (R -22.294210 16.292978) (R -22.290400 16.296788) (R -22.273934 16.296788) (R -22.270123 16.292978) (R -22.269414 16.034778) (R -22.266373 15.772328) (R -22.265090 15.769990) (R -22.249620 15.742228) (R -22.218094 15.685728) (R -22.186041 15.628361) (R -22.153472 15.569641) (R -22.128638 15.504412) (R -22.131036 15.502395) (R -22.136335 15.498726) (R -22.142781 15.495058) (R -22.149734 15.495058) (R -22.159535 15.499142) (R -22.196904 15.552709) (R -22.212100 15.579985) (R -22.240148 15.629322) (R -22.268709 15.678342) (R -22.269221 15.678026) (R -22.282422 15.655422) (R -22.310622 15.605891) (R -22.339907 15.553316) (R -22.371125 15.498200) (R -22.410715 15.446144) (R -22.360210 15.622758);
poly (R -22.227176 15.621432) (R -22.238406 15.628022) (R -22.251826 15.652062) (R -22.278666 15.700152) (R -22.292096 15.724202) (R -22.318946 15.772292) (R -22.345796 15.820382) (R -22.359216 15.796342) (R -22.386056 15.748252) (R -22.399486 15.724202) (R -22.426336 15.676112) (R -22.453186 15.628022) (R -22.456636 15.621822) (R -22.467916 15.613402) (R -22.485396 15.608442) (R -22.491596 15.611902) (R -22.500006 15.623192) (R -22.504966 15.640672) (R -22.488736 15.669742) (R -22.456276 15.727882) (R -22.440046 15.756962) (R -22.407586 15.815112) (R -22.375126 15.873262) (R -22.372866 15.877322) (R -22.366306 15.883902) (R -22.355096 15.890482) (R -22.350436 15.890482) (R -22.341486 15.887962) (R -22.330266 15.881382) (R -22.314036 15.852312) (R -22.281586 15.794162) (R -22.265356 15.765092) (R -22.232896 15.706952) (R -22.200436 15.648812) (R -22.196976 15.642622) (R -22.195736 15.628602) (R -22.200696 15.611122) (R -22.202666 15.610022) (R -22.206786 15.608392) (R -22.213036 15.606762);
poly (R -22.227176 15.621432);
poly (R -22.292096 15.737722) (R -22.304936 15.750572) (R -22.304936 15.785032) (R -22.304936 15.870552) (R -22.304936 15.895732) (R -22.304936 15.950122) (R -22.304936 16.035632) (R -22.304936 16.063142) (R -22.304936 16.119652) (R -22.304936 16.205162) (R -22.304936 16.234162) (R -22.304936 16.292162) (R -22.304936 16.377682) (R -22.304936 16.408792) (R -22.304936 16.469122) (R -22.304936 16.554632) (R -22.304936 16.605692) (R -22.304936 16.691202) (R -22.304936 16.776712) (R -22.304936 16.783822) (R -22.299186 16.796682) (R -22.286346 16.809542) (R -22.279246 16.809542) (R -22.266396 16.803782) (R -22.253546 16.790922) (R -22.253546 16.756462) (R -22.253546 16.670952) (R -22.253546 16.645772) (R -22.253546 16.591372) (R -22.253546 16.505862) (R -22.253546 16.478342) (R -22.253546 16.421822) (R -22.253546 16.336302) (R -22.253546 16.307302) (R -22.253546 16.249302) (R -22.253546 16.163792) (R -22.253546 16.132672) (R -22.253546 16.072332) (R -22.253546 15.986812) (R -22.253546 15.935752) (R -22.253546 15.850242) (R -22.253546 15.764732) (R -22.253546 15.757632) (R -22.259296 15.744782) (R -22.272146 15.731932);
poly (R -22.292096 15.737722);
poly (R -22.575324 16.053599) (R -22.620194 16.053599) (R -22.623910 16.066445) (R -22.623910 16.073540) (R -22.622246 16.086392) (R -22.618530 16.099244) (R -22.573660 16.099244) (R -22.569942 16.086392) (R -22.569942 16.079297) (R -22.571608 16.066451) (R -22.575326 16.053606) (R -22.575324 16.053599);
poly (R -22.651891 16.154668) (R -22.784019 16.154668) (R -22.809717 16.128971) (R -22.809717 16.107282) (R -22.626194 16.107282) (R -22.626194 16.128971) (R -22.651891 16.154668);
poly (R -22.809717 16.108713) (R -22.809717 16.020971) (R -22.784019 15.995274) (R -22.651891 15.995274) (R -22.626194 16.020971) (R -22.626194 16.108713) (R -22.651891 16.134411) (R -22.784019 16.134411) (R -22.809717 16.108713);
poly (R -22.412101 16.154668) (R -22.544228 16.154668) (R -22.569926 16.128971) (R -22.569926 16.107282) (R -22.386403 16.107282) (R -22.386403 16.128971) (R -22.412101 16.154668);
poly (R -22.569926 16.108713) (R -22.569926 16.020971) (R -22.544228 15.995274) (R -22.412101 15.995274) (R -22.386403 16.020971) (R -22.386403 16.108713) (R -22.412101 16.134411) (R -22.544228 16.134411) (R -22.569926 16.108713);
poly (R -22.520516 16.053599) (R -22.675604 16.053599) (R -22.688450 16.066445) (R -22.688450 16.073540) (R -22.682699 16.086392) (R -22.669854 16.099244) (R -22.514765 16.099244) (R -22.501913 16.086392) (R -22.501913 16.079297) (R -22.507670 16.066451) (R -22.520522 16.053606) (R -22.520516 16.053599);
poly (R -22.784018 16.154669) (R -22.809716 16.128972) (R -22.809716 16.107283) (R -22.723405 16.107283) (R -22.697707 16.081585) (R -22.565579 16.081585) (R -22.539882 16.107283) (R -22.539882 16.193594) (R -22.541313 16.193594) (R -22.561571 16.193594) (R -22.562382 16.200016) (R -22.565234 16.211103) (R -22.578147 16.230378) (R -22.603034 16.249654) (R -22.642994 16.249654) (R -22.784018 16.154669);
poly (R -22.544229 16.154669) (R -22.569926 16.128972) (R -22.569926 16.107283) (R -22.483615 16.107283) (R -22.457917 16.081585) (R -22.325790 16.081585) (R -22.300092 16.107283) (R -22.300092 16.193594) (R -22.301524 16.193594) (R -22.321781 16.193594) (R -22.322590 16.200016) (R -22.325442 16.211103) (R -22.338358 16.230378) (R -22.363247 16.249654) (R -22.403200 16.249654) (R -22.544229 16.154669);
poly (R -22.690448 15.978920) (R -22.880815 15.978920) (R -22.906513 15.953223) (R -22.906513 15.930552) (R -22.664750 15.930552) (R -22.664750 15.953223) (R -22.690448 15.978920);
poly (R -22.690448 15.717566) (R -22.880815 15.717566) (R -22.906513 15.743264) (R -22.906513 15.932965) (R -22.880815 15.958663) (R -22.690448 15.958663) (R -22.664750 15.932965) (R -22.664750 15.743264) (R -22.690448 15.717566);
poly (R -22.880815 15.978921) (R -22.906512 15.953223) (R -22.906512 15.932966) (R -22.904099 15.932966) (R -22.716810 15.932966) (R -22.691112 15.907268) (R -22.500744 15.907268) (R -22.475047 15.932966) (R -22.475047 16.120255) (R -22.477460 16.120255) (R -22.497718 16.120255) (R -22.523415 16.145953) (R -22.880815 15.978921);
poly (R -22.356875 15.978920) (R -22.547242 15.978920) (R -22.572939 15.953223) (R -22.572939 15.930552) (R -22.331177 15.930552) (R -22.331177 15.953223) (R -22.356875 15.978920);
poly (R -22.356875 15.841221) (R -22.547242 15.841221) (R -22.572939 15.866918) (R -22.572939 15.931277) (R -22.547242 15.956975) (R -22.356875 15.956975) (R -22.331177 15.931277) (R -22.331177 15.866918) (R -22.356875 15.841221);
poly (R -22.552093 15.852937) (R -22.558427 16.198282) (R -22.561533 16.542237) (R -22.564720 16.887509) (R -22.567906 17.279913) (R -22.567906 17.668266) (R -22.563550 18.012628) (R -22.559194 18.356990) (R -22.458372 18.696996) (R -22.357551 19.037002) (R -22.353195 19.372652) (R -22.348839 19.708302) (R -22.348839 19.999784) (R -22.300314 20.339790) (R -22.304662 20.674929) (R -22.309010 21.010068) (R -22.407862 21.349780) (R -22.509862 21.690780) (R -22.552093 15.852937);
poly (R -22.547308 15.981518) (R -25.205961 18.066032) (R -25.204696 18.066069) (R -25.204706 18.066069) (R -25.205938 18.065972) (R -25.204696 18.066066) (R -25.204706 18.066066) (R -25.205921 18.065910) (R -25.204696 18.066066) (R -25.204706 18.066062) (R -25.205902 18.065848) (R -25.204706 18.066062) (R -25.204696 18.066062) (R -25.205879 18.065785) (R -25.204706 18.066052) (R -25.204696 18.066052) (R -25.205852 18.065726) (R -25.204696 18.066052) (R -25.204696 18.066052) (R -25.205829 18.065667) (R -25.204696 18.066052) (R -25.204696 18.066052) (R -25.205803 18.065610) (R -25.204696 18.066052) (R -25.204696 18.066042) (R -25.205773 18.065558) (R -25.204696 18.066052) (R -25.204686 18.066042) (R -25.205747 18.065505) (R -25.204696 18.066042) (R -25.204696 18.066042) (R -25.205710 18.065452) (R -25.204686 18.066042) (R -25.204686 18.066042) (R -25.205681 18.065403) (R -25.204686 18.066032) (R -25.204686 18.066032) (R -25.205641 18.065353) (R -25.204686 18.066032) (R -25.204686 18.066042) (R -25.205609 18.065310) (R -25.204686 18.066032) (R -25.204686 18.066032) (R -25.205569 18.065264) (R -25.204686 18.066032) (R -25.204676 18.066032) (R -25.205526 18.065221) (R -25.204686 18.066032) (R -25.204676 18.066022) (R -25.205487 18.065182) (R -25.204676 18.066032) (R -25.204676 18.066022) (R -25.205444 18.065139) (R -25.204676 18.066022) (R -25.204676 18.066022) (R -25.205401 18.065099) (R -25.204666 18.066022) (R -25.204676 18.066022) (R -25.205352 18.065067) (R -25.204676 18.066022) (R -25.204676 18.066022) (R -25.205302 18.065027) (R -25.204666 18.066022) (R -25.204666 18.066022) (R -25.205256 18.064998) (R -25.204666 18.066012) (R -25.204666 18.066012) (R -25.205203 18.064965) (R -25.204666 18.066012) (R -25.204666 18.066012) (R -25.205150 18.064935) (R -25.204666 18.066012) (R -25.204656 18.066012) (R -25.205098 18.064905) (R -25.204656 18.066012) (R -25.204656 18.066012) (R -25.205042 18.064879) (R -25.204656 18.066012) (R -25.204656 18.066002) (R -25.204982 18.064856) (R -25.204656 18.066012) (R -25.204656 18.066002) (R -25.204923 18.064829) (R -25.204646 18.066012) (R -25.204646 18.066002) (R -25.204864 18.064806) (R -25.204646 18.066012) (R -25.204642 18.066002) (R -25.204801 18.064787) (R -25.204642 18.066002) (R -25.204642 18.066012) (R -25.204736 18.064770) (R -25.204639 18.066002) (R -25.204639 18.066012) (R -25.204666 18.064747) (R -25.204666 18.064717) (R -25.204636 18.064717) (R -25.182690 18.064717) (R -25.181965 18.064717) (R -25.118328 18.064717) (R -25.118298 18.064717) (R -25.118258 18.064717) (R -25.118228 18.063392) (R -25.118225 18.063332) (R -25.118221 18.063262) (R -25.118121 18.061959) (R -25.118114 18.061899) (R -25.118108 18.061829) (R -25.117943 18.060543) (R -25.117936 18.060473) (R -25.117926 18.060413) (R -25.117698 18.059147) (R -25.117688 18.059077) (R -25.117678 18.059017) (R -25.117391 18.057774) (R -25.117371 18.057704) (R -25.117351 18.057644) (R -25.117005 18.056428) (R -25.116985 18.056368) (R -25.116965 18.056308) (R -25.116559 18.055114) (R -25.116539 18.055054) (R -25.116519 18.054994) (R -25.116057 18.053827) (R -25.116037 18.053767) (R -25.116007 18.053707) (R -25.115493 18.052570) (R -25.115463 18.052510) (R -25.115433 18.052450) (R -25.114866 18.051342) (R -25.114836 18.051282) (R -25.114806 18.051222) (R -25.114186 18.050147) (R -25.114156 18.050097) (R -25.114126 18.050047) (R -25.113460 18.049002) (R -25.113420 18.048952) (R -25.113380 18.048902) (R -25.112664 18.047896) (R -25.112624 18.047846) (R -25.112594 18.047796) (R -25.111829 18.046823) (R -25.111789 18.046773) (R -25.111749 18.046723) (R -25.110941 18.045790) (R -25.110901 18.045740) (R -25.110861 18.045700) (R -25.110010 18.044810) (R -25.109970 18.044760) (R -25.109920 18.044720) (R -25.109030 18.043869) (R -25.108990 18.043829) (R -25.108940 18.043789) (R -25.108007 18.042981) (R -25.107957 18.042941) (R -25.107907 18.042901) (R -25.106934 18.042136) (R -25.106884 18.042106) (R -25.106834 18.042066) (R -25.105828 18.041347) (R -25.105778 18.041307) (R -25.105728 18.041267) (R -25.104683 18.040601) (R -25.104633 18.040571) (R -25.104583 18.040541) (R -25.103508 18.039921) (R -25.103448 18.039891) (R -25.103388 18.039861) (R -25.102277 18.039294) (R -25.102227 18.039264) (R -25.102167 18.039234) (R -25.101030 18.038720) (R -25.100970 18.038690) (R -25.100910 18.038670) (R -25.099743 18.038208) (R -25.099683 18.038188) (R -25.099623 18.038168) (R -25.098429 18.037763) (R -25.098369 18.037743) (R -25.098309 18.037723) (R -25.097092 18.037377) (R -25.097022 18.037357) (R -25.096962 18.037337) (R -25.095719 18.037050) (R -25.095659 18.037040) (R -25.095589 18.037030) (R -25.094323 18.036806) (R -25.094253 18.036796) (R -25.094193 18.036786) (R -25.092907 18.036624) (R -25.092837 18.036617) (R -25.092777 18.036611) (R -25.091475 18.036511) (R -25.091405 18.036507) (R -25.091345 18.036504) (R -25.090020 18.036474) (R -25.089980 18.036474) (R -25.089950 18.036474) (R -24.899582 18.036474) (R -24.899552 18.036474) (R -24.899512 18.036474) (R -24.898187 18.036504) (R -24.898127 18.036507) (R -24.898067 18.036511) (R -24.896761 18.036611) (R -24.896691 18.036617) (R -24.896621 18.036624) (R -24.895335 18.036786) (R -24.895275 18.036796) (R -24.895205 18.036806) (R -24.893943 18.037030) (R -24.893873 18.037040) (R -24.893803 18.037050) (R -24.892560 18.037337) (R -24.892500 18.037357) (R -24.892440 18.037377) (R -24.891220 18.037723) (R -24.891160 18.037743) (R -24.891100 18.037763) (R -24.889906 18.038168) (R -24.889846 18.038188) (R -24.889786 18.038208) (R -24.888619 18.038670) (R -24.888559 18.038690) (R -24.888499 18.038720) (R -24.887358 18.039234) (R -24.887308 18.039264) (R -24.887248 18.039294) (R -24.886140 18.039861) (R -24.886080 18.039891) (R -24.886020 18.039921) (R -24.884942 18.040541) (R -24.884892 18.040571) (R -24.884842 18.040601) (R -24.883800 18.041270) (R -24.883750 18.041300) (R -24.883700 18.041340) (R -24.882691 18.042056) (R -24.882641 18.042096) (R -24.882591 18.042136) (R -24.881618 18.042898) (R -24.881568 18.042938) (R -24.881518 18.042978) (R -24.880585 18.043786) (R -24.880535 18.043826) (R -24.880495 18.043866) (R -24.879605 18.044717) (R -24.879555 18.044757) (R -24.879515 18.044807) (R -24.878664 18.045697) (R -24.878624 18.045737) (R -24.878584 18.045787) (R -24.877773 18.046720) (R -24.877733 18.046770) (R -24.877693 18.046820) (R -24.876931 18.047793) (R -24.876891 18.047843) (R -24.876851 18.047893) (R -24.876135 18.048899) (R -24.876095 18.048949) (R -24.876065 18.048999) (R -24.875396 18.050044) (R -24.875366 18.050094) (R -24.875336 18.050144) (R -24.874716 18.051222) (R -24.874686 18.051272) (R -24.874656 18.051322) (R -24.874086 18.052430) (R -24.874056 18.052490) (R -24.874026 18.052550) (R -24.873512 18.053687) (R -24.873492 18.053747) (R -24.873462 18.053807) (R -24.873000 18.054974) (R -24.872980 18.055034) (R -24.872960 18.055094) (R -24.872558 18.056288) (R -24.872538 18.056348) (R -24.872518 18.056408) (R -24.872172 18.057625) (R -24.872152 18.057695) (R -24.872132 18.057755) (R -24.871845 18.058998) (R -24.871835 18.059058) (R -24.871825 18.059128) (R -24.871601 18.060390) (R -24.871591 18.060460) (R -24.871581 18.060520) (R -24.871420 18.061806) (R -24.871414 18.061876) (R -24.871407 18.061936) (R -24.871307 18.063239) (R -24.871303 18.063309) (R -24.871300 18.063369) (R -24.871270 18.064694) (R -24.871270 18.064734) (R -24.871300 18.064734) (R -24.934937 18.064734) (R -24.935662 18.064734) (R -24.957608 18.064734) (R -24.957638 18.064734) (R -24.957668 18.064734) (R -24.957698 18.066059) (R -24.957701 18.066119) (R -24.957704 18.066189) (R -24.957804 18.067492) (R -24.957811 18.067552) (R -24.957818 18.067622) (R -24.957979 18.068908) (R -24.957989 18.068978) (R -24.957999 18.069038) (R -24.958223 18.070304) (R -24.958233 18.070374) (R -24.958243 18.070434) (R -24.958530 18.071680) (R -24.958550 18.071740) (R -24.958570 18.071800) (R -24.958916 18.073020) (R -24.958936 18.073080) (R -24.958956 18.073140) (R -24.959358 18.074334) (R -24.959378 18.074394) (R -24.959398 18.074454) (R -24.959860 18.075621) (R -24.959890 18.075681) (R -24.959910 18.075741) (R -24.960424 18.076878) (R -24.960454 18.076938) (R -24.960484 18.076998) (R -24.961054 18.078106) (R -24.961084 18.078156) (R -24.961114 18.078206) (R -24.961734 18.079281) (R -24.961764 18.079331) (R -24.961794 18.079381) (R -24.962463 18.080426) (R -24.962493 18.080476) (R -24.962533 18.080526) (R -24.963249 18.081535) (R -24.963289 18.081585) (R -24.963329 18.081635) (R -24.964091 18.082608) (R -24.964131 18.082658) (R -24.964171 18.082708) (R -24.964982 18.083641) (R -24.965022 18.083691) (R -24.965062 18.083731) (R -24.965913 18.084624) (R -24.965953 18.084674) (R -24.966003 18.084714) (R -24.966893 18.085565) (R -24.966933 18.085605) (R -24.966983 18.085645) (R -24.967916 18.086453) (R -24.967966 18.086493) (R -24.968016 18.086533) (R -24.968989 18.087295) (R -24.969039 18.087335) (R -24.969089 18.087375) (R -24.970098 18.088094) (R -24.970148 18.088124) (R -24.970198 18.088154) (R -24.971240 18.088823) (R -24.971290 18.088853) (R -24.971340 18.088883) (R -24.972418 18.089503) (R -24.972478 18.089533) (R -24.972538 18.089563) (R -24.973646 18.090127) (R -24.973706 18.090157) (R -24.973756 18.090177) (R -24.974897 18.090695) (R -24.974957 18.090715) (R -24.975017 18.090745) (R -24.976184 18.091203) (R -24.976244 18.091223) (R -24.976304 18.091243) (R -24.977497 18.091649) (R -24.977557 18.091669) (R -24.977617 18.091689) (R -24.978837 18.092035) (R -24.978897 18.092055) (R -24.978957 18.092075) (R -24.980200 18.092362) (R -24.980270 18.092382) (R -24.980340 18.092392) (R -24.981603 18.092616) (R -24.981673 18.092626) (R -24.981733 18.092633) (R -24.983019 18.092795) (R -24.983089 18.092805) (R -24.983159 18.092808) (R -24.984464 18.092908) (R -24.984524 18.092915) (R -24.984584 18.092915) (R -24.985910 18.092955) (R -24.985950 18.092955) (R -24.985980 18.092955) (R -25.176347 18.092955) (R -25.176377 18.092955) (R -22.547308 15.981518);
poly (R -22.357445 15.981456) (R -20.380636 14.269054) (R -18.227217 12.556328) (R -16.086419 10.830343) (R -13.945264 9.089784) (R -11.777166 7.347670) (R -9.609381 5.575793) (R -7.441235 3.774175) (R -5.272075 2.047417) (R -3.089267 0.308893) (R -0.892058 -1.428755) (R 1.339704 -3.141064) (R 3.635240 -4.853544) (R 5.994541 -6.565828) (R 8.177056 -8.277493) (R 10.371831 -9.975661) (R 12.565971 -11.659312) (R 14.733859 -13.342119) (R 16.902060 -14.995353) (R 19.069902 -16.619037) (R 21.236738 -18.317226) (R 23.390297 -20.003699) (R 25.529646 -21.690780) (R -22.357445 15.981456);
poly (R -22.439296 15.636957) (R -22.453589 15.655593) (R -22.463183 15.671716) (R -22.457091 15.677332) (R -22.442902 15.692843) (R -22.434806 15.702740) (R -22.427263 15.676813) (R -22.419720 15.647679) (R -22.419720 15.643617) (R -22.426409 15.632212) (R -22.437744 15.619769) (R -22.439825 15.619304) (R -22.445305 15.619548) (R -22.453546 15.621269) (R -22.439296 15.636957);
poly (R -22.769101 15.637181) (R -22.775259 15.644175) (R -22.776880 15.648088) (R -22.777950 15.654934) (R -22.772268 15.685211) (R -22.768155 15.699480) (R -22.760420 15.725743) (R -22.752370 15.752396) (R -22.752055 15.752786) (R -22.749885 15.751581) (R -22.745761 15.748039) (R -22.743808 15.745701) (R -22.735509 15.736600) (R -22.721405 15.721572) (R -22.710852 15.710794) (R -22.720428 15.694795) (R -22.747206 15.676220) (R -22.769101 15.637181);
poly (R -22.598057 15.621437) (R -22.800716 15.824095) (R -22.800716 15.935840) (R -22.709808 16.138499) (R -22.507149 16.341158) (R -22.395404 16.341158) (R -22.192745 16.250244) (R -21.990086 16.047585) (R -21.990086 15.935840) (R -22.081000 15.733181) (R -22.283659 15.530522) (R -22.598057 15.621437);
poly (R -22.408250 15.824095) (R -22.598063 15.634282) (R -22.702891 15.634282) (R -22.892698 15.719261) (R -23.082504 15.909075) (R -23.082504 16.013902) (R -22.997525 16.203709) (R -22.807718 16.393516) (R -22.702884 16.393516) (R -22.513071 16.308537) (R -22.323257 16.118730) (R -22.408250 15.824095);
poly (R -22.408250 15.824095) (R -22.598063 15.634282) (R -22.702891 15.634282) (R -22.892698 15.719261) (R -23.082504 15.909075) (R -23.082504 16.013902) (R -22.997525 16.203709) (R -22.807718 16.393516) (R -22.702884 16.393516) (R -22.513071 16.308537) (R -22.323257 16.118730) (R -22.408250 15.824095);
poly (R -22.762562 15.634282) (R -22.750072 15.641371) (R -22.681928 15.755516) (R -22.747039 15.755516) (R -22.776535 15.652845) (R -22.762562 15.634282);
poly (R -22.433558 15.634282) (R -22.446048 15.641371) (R -22.514192 15.755516) (R -22.449081 15.755516) (R -22.419579 15.652845) (R -22.433558 15.634282) (R -22.433558 15.634282);

